TpTrace Verbose: 0 : 13876, 1, 2021/12/03, 20:52:01.675, 19766119485733, vstest.console.dll, Version: 16.11.0
TpTrace Information: 0 : 13876, 1, 2021/12/03, 20:52:01.707, 19766119723283, vstest.console.dll, FilePatternParser: The given file C:\Users\Admin\Documents\Kacper IT\source\repos\ZPSB202109\Kacper.Wozniak\TestProject1\SpecFlowProject2\bin\Debug\net5.0\fine-code-coverage\build-output\SpecFlowProject2.dll is a full path.
TpTrace Verbose: 0 : 13876, 1, 2021/12/03, 20:52:01.728, 19766119932702, vstest.console.dll, TestPluginCache.DiscoverTestExtensions: finding test extensions in assemblies ends with: RuntimeProvider.dll TPluginInfo: Microsoft.VisualStudio.TestPlatform.Common.ExtensionFramework.Utilities.TestRuntimePluginInformation TExtension: Microsoft.VisualStudio.TestPlatform.ObjectModel.Host.ITestRuntimeProvider
TpTrace Verbose: 0 : 13876, 1, 2021/12/03, 20:52:01.729, 19766119946083, vstest.console.dll, TestPluginCache.GetExtensionPaths: Filtered extension paths: 
TpTrace Verbose: 0 : 13876, 1, 2021/12/03, 20:52:01.730, 19766119951952, vstest.console.dll, TestPluginCache.GetExtensionPaths: Added default extension paths: C:\Program Files\dotnet\sdk\5.0.403\Extensions\Microsoft.Diagnostics.NETCore.Client.dll
C:\Program Files\dotnet\sdk\5.0.403\Extensions\Microsoft.TestPlatform.Extensions.BlameDataCollector.dll
C:\Program Files\dotnet\sdk\5.0.403\Extensions\Microsoft.TestPlatform.Extensions.EventLogCollector.dll
C:\Program Files\dotnet\sdk\5.0.403\Extensions\Microsoft.TestPlatform.TestHostRuntimeProvider.dll
C:\Program Files\dotnet\sdk\5.0.403\Extensions\Microsoft.VisualStudio.TestPlatform.Extensions.Html.TestLogger.dll
C:\Program Files\dotnet\sdk\5.0.403\Extensions\Microsoft.VisualStudio.TestPlatform.Extensions.Trx.TestLogger.dll
TpTrace Verbose: 0 : 13876, 1, 2021/12/03, 20:52:01.730, 19766119956332, vstest.console.dll, TestPluginCache.GetExtensionPaths: Added unfilterableExtensionPaths: 
TpTrace Information: 0 : 13876, 1, 2021/12/03, 20:52:01.733, 19766119978719, vstest.console.dll, AssemblyResolver.ctor: Creating AssemblyResolver with searchDirectories C:\Program Files\dotnet\sdk\5.0.403\Extensions,C:\Program Files\dotnet\sdk\5.0.403
TpTrace Verbose: 0 : 13876, 1, 2021/12/03, 20:52:01.736, 19766120008362, vstest.console.dll, TestPluginCache.DiscoverTestExtensions: Discovering the extensions using extension path.
TpTrace Verbose: 0 : 13876, 1, 2021/12/03, 20:52:01.736, 19766120015845, vstest.console.dll, TestPluginCache.GetExtensionPaths: Filtered extension paths: 
TpTrace Verbose: 0 : 13876, 1, 2021/12/03, 20:52:01.737, 19766120020856, vstest.console.dll, TestPluginCache.GetExtensionPaths: Added default extension paths: C:\Program Files\dotnet\sdk\5.0.403\Extensions\Microsoft.Diagnostics.NETCore.Client.dll
C:\Program Files\dotnet\sdk\5.0.403\Extensions\Microsoft.TestPlatform.Extensions.BlameDataCollector.dll
C:\Program Files\dotnet\sdk\5.0.403\Extensions\Microsoft.TestPlatform.Extensions.EventLogCollector.dll
C:\Program Files\dotnet\sdk\5.0.403\Extensions\Microsoft.TestPlatform.TestHostRuntimeProvider.dll
C:\Program Files\dotnet\sdk\5.0.403\Extensions\Microsoft.VisualStudio.TestPlatform.Extensions.Html.TestLogger.dll
C:\Program Files\dotnet\sdk\5.0.403\Extensions\Microsoft.VisualStudio.TestPlatform.Extensions.Trx.TestLogger.dll
TpTrace Verbose: 0 : 13876, 1, 2021/12/03, 20:52:01.737, 19766120024808, vstest.console.dll, TestPluginCache.GetExtensionPaths: Added unfilterableExtensionPaths: 
TpTrace Verbose: 0 : 13876, 1, 2021/12/03, 20:52:01.738, 19766120030419, vstest.console.dll, TestPluginCache.DiscoverTestExtensions: Discovering the extensions using allExtensionPaths: C:\Program Files\dotnet\sdk\5.0.403\Extensions\Microsoft.Diagnostics.NETCore.Client.dll
C:\Program Files\dotnet\sdk\5.0.403\Extensions\Microsoft.TestPlatform.Extensions.BlameDataCollector.dll
C:\Program Files\dotnet\sdk\5.0.403\Extensions\Microsoft.TestPlatform.Extensions.EventLogCollector.dll
C:\Program Files\dotnet\sdk\5.0.403\Extensions\Microsoft.TestPlatform.TestHostRuntimeProvider.dll
C:\Program Files\dotnet\sdk\5.0.403\Extensions\Microsoft.VisualStudio.TestPlatform.Extensions.Html.TestLogger.dll
C:\Program Files\dotnet\sdk\5.0.403\Extensions\Microsoft.VisualStudio.TestPlatform.Extensions.Trx.TestLogger.dll
TpTrace Information: 0 : 13876, 1, 2021/12/03, 20:52:01.739, 19766120038593, vstest.console.dll, AssemblyResolver.AddSearchDirectories: Adding more searchDirectories C:\Program Files\dotnet\sdk\5.0.403\Extensions,C:\Program Files\dotnet\sdk\5.0.403
TpTrace Information: 0 : 13876, 1, 2021/12/03, 20:52:01.741, 19766120058646, vstest.console.dll, AssemblyResolver.AddSearchDirectories: Adding more searchDirectories C:\Program Files\dotnet\sdk\5.0.403\Extensions,C:\Program Files\dotnet\sdk\5.0.403
TpTrace Information: 0 : 13876, 1, 2021/12/03, 20:52:01.742, 19766120068087, vstest.console.dll, AssemblyResolver.AddSearchDirectories: Adding more searchDirectories C:\Program Files\dotnet\sdk\5.0.403\Extensions,C:\Program Files\dotnet\sdk\5.0.403
TpTrace Information: 0 : 13876, 1, 2021/12/03, 20:52:01.743, 19766120077403, vstest.console.dll, AssemblyResolver.AddSearchDirectories: Adding more searchDirectories C:\Program Files\dotnet\sdk\5.0.403\Extensions,C:\Program Files\dotnet\sdk\5.0.403
TpTrace Information: 0 : 13876, 1, 2021/12/03, 20:52:01.743, 19766120084995, vstest.console.dll, AssemblyResolver.AddSearchDirectories: Adding more searchDirectories C:\Program Files\dotnet\sdk\5.0.403\Extensions,C:\Program Files\dotnet\sdk\5.0.403
TpTrace Information: 0 : 13876, 1, 2021/12/03, 20:52:01.744, 19766120091458, vstest.console.dll, AssemblyResolver.AddSearchDirectories: Adding more searchDirectories C:\Program Files\dotnet\sdk\5.0.403\Extensions,C:\Program Files\dotnet\sdk\5.0.403
TpTrace Information: 0 : 13876, 1, 2021/12/03, 20:52:01.745, 19766120103294, vstest.console.dll, AssemblyResolver.OnResolve: Microsoft.Diagnostics.NETCore.Client: Resolving assembly.
TpTrace Information: 0 : 13876, 1, 2021/12/03, 20:52:01.746, 19766120114724, vstest.console.dll, AssemblyResolver.OnResolve: Microsoft.Diagnostics.NETCore.Client: Searching in: 'C:\Program Files\dotnet\sdk\5.0.403\Extensions'.
TpTrace Information: 0 : 13876, 1, 2021/12/03, 20:52:01.749, 19766120140444, vstest.console.dll, AssemblyResolver.OnResolve: Microsoft.Diagnostics.NETCore.Client: Loading assembly 'C:\Program Files\dotnet\sdk\5.0.403\Extensions\Microsoft.Diagnostics.NETCore.Client.dll'.
TpTrace Information: 0 : 13876, 1, 2021/12/03, 20:52:01.752, 19766120176494, vstest.console.dll, AssemblyResolver.OnResolve: Resolved assembly: Microsoft.Diagnostics.NETCore.Client, from path: C:\Program Files\dotnet\sdk\5.0.403\Extensions\Microsoft.Diagnostics.NETCore.Client.dll
TpTrace Information: 0 : 13876, 1, 2021/12/03, 20:52:01.760, 19766120248913, vstest.console.dll, AssemblyResolver.OnResolve: Microsoft.Bcl.AsyncInterfaces: Resolving assembly.
TpTrace Information: 0 : 13876, 1, 2021/12/03, 20:52:01.760, 19766120256811, vstest.console.dll, AssemblyResolver.OnResolve: Microsoft.Bcl.AsyncInterfaces: Searching in: 'C:\Program Files\dotnet\sdk\5.0.403\Extensions'.
TpTrace Information: 0 : 13876, 1, 2021/12/03, 20:52:01.761, 19766120264479, vstest.console.dll, AssemblyResolver.OnResolve: Microsoft.Bcl.AsyncInterfaces: Assembly path does not exist: 'C:\Program Files\dotnet\sdk\5.0.403\Extensions\Microsoft.Bcl.AsyncInterfaces.dll', returning.
TpTrace Information: 0 : 13876, 1, 2021/12/03, 20:52:01.762, 19766120270434, vstest.console.dll, AssemblyResolver.OnResolve: Microsoft.Bcl.AsyncInterfaces: Assembly path does not exist: 'C:\Program Files\dotnet\sdk\5.0.403\Extensions\Microsoft.Bcl.AsyncInterfaces.exe', returning.
TpTrace Information: 0 : 13876, 1, 2021/12/03, 20:52:01.762, 19766120277028, vstest.console.dll, AssemblyResolver.OnResolve: Microsoft.Bcl.AsyncInterfaces: Searching in: 'C:\Program Files\dotnet\sdk\5.0.403'.
TpTrace Information: 0 : 13876, 1, 2021/12/03, 20:52:01.764, 19766120290384, vstest.console.dll, AssemblyResolver.OnResolve: Microsoft.Bcl.AsyncInterfaces: Assembly path does not exist: 'C:\Program Files\dotnet\sdk\5.0.403\Microsoft.Bcl.AsyncInterfaces.dll', returning.
TpTrace Information: 0 : 13876, 1, 2021/12/03, 20:52:01.765, 19766120298292, vstest.console.dll, AssemblyResolver.OnResolve: Microsoft.Bcl.AsyncInterfaces: Assembly path does not exist: 'C:\Program Files\dotnet\sdk\5.0.403\Microsoft.Bcl.AsyncInterfaces.exe', returning.
TpTrace Information: 0 : 13876, 1, 2021/12/03, 20:52:01.765, 19766120299284, vstest.console.dll, AssemblyResolver.OnResolve: Microsoft.Bcl.AsyncInterfaces: Failed to load assembly.
TpTrace Verbose: 0 : 13876, 1, 2021/12/03, 20:52:01.765, 19766120304096, vstest.console.dll, CurrentDomainAssemblyResolve: Resolving assembly 'Microsoft.Bcl.AsyncInterfaces'.
TpTrace Information: 0 : 13876, 1, 2021/12/03, 20:52:01.765, 19766120306793, vstest.console.dll, AssemblyResolver.OnResolve: Microsoft.Bcl.AsyncInterfaces: Resolving assembly.
TpTrace Information: 0 : 13876, 1, 2021/12/03, 20:52:01.766, 19766120308645, vstest.console.dll, AssemblyResolver.OnResolve: Microsoft.Bcl.AsyncInterfaces: Resolved from cache.
TpTrace Verbose: 0 : 13876, 1, 2021/12/03, 20:52:01.766, 19766120310546, vstest.console.dll, CurrentDomainAssemblyResolve: Resolving assembly 'Microsoft.Bcl.AsyncInterfaces'.
TpTrace Verbose: 0 : 13876, 1, 2021/12/03, 20:52:01.766, 19766120312390, vstest.console.dll, CurrentDomainAssemblyResolve: Failed to resolve assembly 'Microsoft.Bcl.AsyncInterfaces'.
TpTrace Verbose: 0 : 13876, 1, 2021/12/03, 20:52:01.770, 19766120348759, vstest.console.dll, CurrentDomainAssemblyResolve: Failed to resolve assembly 'Microsoft.Bcl.AsyncInterfaces'.
TpTrace Warning: 0 : 13876, 1, 2021/12/03, 20:52:01.823, 19766120878023, vstest.console.dll, TestPluginDiscoverer: Failed to get types from assembly 'Microsoft.Diagnostics.NETCore.Client, Version=0.2.2.41902, Culture=neutral, PublicKeyToken=31bf3856ad364e35'.  Skipping test extension scan for this assembly.  Error: System.Reflection.ReflectionTypeLoadException: Unable to load one or more of the requested types.
Could not load file or assembly 'Microsoft.Bcl.AsyncInterfaces, Version=1.0.0.0, Culture=neutral, PublicKeyToken=cc7b13ffcd2ddd51'. Nie można odnaleźć określonego pliku.
   at System.Reflection.RuntimeModule.GetTypes(RuntimeModule module)
   at System.Reflection.RuntimeModule.GetTypes()
   at System.Reflection.Assembly.GetTypes()
   at Microsoft.VisualStudio.TestPlatform.Common.ExtensionFramework.TestPluginDiscoverer.GetTestExtensionsFromAssembly[TPluginInfo,TExtension](Assembly assembly, Dictionary`2 pluginInfos)
System.IO.FileNotFoundException: Could not load file or assembly 'Microsoft.Bcl.AsyncInterfaces, Version=1.0.0.0, Culture=neutral, PublicKeyToken=cc7b13ffcd2ddd51'. Nie można odnaleźć określonego pliku.
File name: 'Microsoft.Bcl.AsyncInterfaces, Version=1.0.0.0, Culture=neutral, PublicKeyToken=cc7b13ffcd2ddd51'
TpTrace Warning: 0 : 13876, 1, 2021/12/03, 20:52:01.825, 19766120902369, vstest.console.dll, LoaderExceptions: System.IO.FileNotFoundException: Could not load file or assembly 'Microsoft.Bcl.AsyncInterfaces, Version=1.0.0.0, Culture=neutral, PublicKeyToken=cc7b13ffcd2ddd51'. Nie można odnaleźć określonego pliku.
File name: 'Microsoft.Bcl.AsyncInterfaces, Version=1.0.0.0, Culture=neutral, PublicKeyToken=cc7b13ffcd2ddd51'
TpTrace Information: 0 : 13876, 1, 2021/12/03, 20:52:01.825, 19766120906471, vstest.console.dll, AssemblyResolver.OnResolve: Microsoft.TestPlatform.Extensions.BlameDataCollector: Resolving assembly.
TpTrace Information: 0 : 13876, 1, 2021/12/03, 20:52:01.826, 19766120908870, vstest.console.dll, AssemblyResolver.OnResolve: Microsoft.TestPlatform.Extensions.BlameDataCollector: Searching in: 'C:\Program Files\dotnet\sdk\5.0.403\Extensions'.
TpTrace Information: 0 : 13876, 1, 2021/12/03, 20:52:01.828, 19766120928273, vstest.console.dll, AssemblyResolver.OnResolve: Microsoft.TestPlatform.Extensions.BlameDataCollector: Loading assembly 'C:\Program Files\dotnet\sdk\5.0.403\Extensions\Microsoft.TestPlatform.Extensions.BlameDataCollector.dll'.
TpTrace Information: 0 : 13876, 1, 2021/12/03, 20:52:01.830, 19766120955285, vstest.console.dll, AssemblyResolver.OnResolve: Resolved assembly: Microsoft.TestPlatform.Extensions.BlameDataCollector, from path: C:\Program Files\dotnet\sdk\5.0.403\Extensions\Microsoft.TestPlatform.Extensions.BlameDataCollector.dll
TpTrace Information: 0 : 13876, 1, 2021/12/03, 20:52:01.832, 19766120970793, vstest.console.dll, AssemblyResolver.OnResolve: Microsoft.TestPlatform.Extensions.EventLogCollector: Resolving assembly.
TpTrace Information: 0 : 13876, 1, 2021/12/03, 20:52:01.832, 19766120973449, vstest.console.dll, AssemblyResolver.OnResolve: Microsoft.TestPlatform.Extensions.EventLogCollector: Searching in: 'C:\Program Files\dotnet\sdk\5.0.403\Extensions'.
TpTrace Information: 0 : 13876, 1, 2021/12/03, 20:52:01.833, 19766120986888, vstest.console.dll, AssemblyResolver.OnResolve: Microsoft.TestPlatform.Extensions.EventLogCollector: Loading assembly 'C:\Program Files\dotnet\sdk\5.0.403\Extensions\Microsoft.TestPlatform.Extensions.EventLogCollector.dll'.
TpTrace Information: 0 : 13876, 1, 2021/12/03, 20:52:01.836, 19766121016379, vstest.console.dll, AssemblyResolver.OnResolve: Resolved assembly: Microsoft.TestPlatform.Extensions.EventLogCollector, from path: C:\Program Files\dotnet\sdk\5.0.403\Extensions\Microsoft.TestPlatform.Extensions.EventLogCollector.dll
TpTrace Information: 0 : 13876, 1, 2021/12/03, 20:52:01.846, 19766121116158, vstest.console.dll, AssemblyResolver.OnResolve: Microsoft.TestPlatform.TestHostRuntimeProvider: Resolving assembly.
TpTrace Information: 0 : 13876, 1, 2021/12/03, 20:52:01.847, 19766121119601, vstest.console.dll, AssemblyResolver.OnResolve: Microsoft.TestPlatform.TestHostRuntimeProvider: Searching in: 'C:\Program Files\dotnet\sdk\5.0.403\Extensions'.
TpTrace Information: 0 : 13876, 1, 2021/12/03, 20:52:01.848, 19766121131780, vstest.console.dll, AssemblyResolver.OnResolve: Microsoft.TestPlatform.TestHostRuntimeProvider: Loading assembly 'C:\Program Files\dotnet\sdk\5.0.403\Extensions\Microsoft.TestPlatform.TestHostRuntimeProvider.dll'.
TpTrace Information: 0 : 13876, 1, 2021/12/03, 20:52:01.851, 19766121157201, vstest.console.dll, AssemblyResolver.OnResolve: Resolved assembly: Microsoft.TestPlatform.TestHostRuntimeProvider, from path: C:\Program Files\dotnet\sdk\5.0.403\Extensions\Microsoft.TestPlatform.TestHostRuntimeProvider.dll
TpTrace Information: 0 : 13876, 1, 2021/12/03, 20:52:01.852, 19766121175039, vstest.console.dll, AssemblyResolver.OnResolve: Microsoft.VisualStudio.TestPlatform.Extensions.Html.TestLogger: Resolving assembly.
TpTrace Information: 0 : 13876, 1, 2021/12/03, 20:52:01.853, 19766121178066, vstest.console.dll, AssemblyResolver.OnResolve: Microsoft.VisualStudio.TestPlatform.Extensions.Html.TestLogger: Searching in: 'C:\Program Files\dotnet\sdk\5.0.403\Extensions'.
TpTrace Information: 0 : 13876, 1, 2021/12/03, 20:52:01.854, 19766121189590, vstest.console.dll, AssemblyResolver.OnResolve: Microsoft.VisualStudio.TestPlatform.Extensions.Html.TestLogger: Loading assembly 'C:\Program Files\dotnet\sdk\5.0.403\Extensions\Microsoft.VisualStudio.TestPlatform.Extensions.Html.TestLogger.dll'.
TpTrace Information: 0 : 13876, 1, 2021/12/03, 20:52:01.857, 19766121219392, vstest.console.dll, AssemblyResolver.OnResolve: Resolved assembly: Microsoft.VisualStudio.TestPlatform.Extensions.Html.TestLogger, from path: C:\Program Files\dotnet\sdk\5.0.403\Extensions\Microsoft.VisualStudio.TestPlatform.Extensions.Html.TestLogger.dll
TpTrace Information: 0 : 13876, 1, 2021/12/03, 20:52:01.859, 19766121244784, vstest.console.dll, AssemblyResolver.OnResolve: Microsoft.VisualStudio.TestPlatform.Extensions.Trx.TestLogger: Resolving assembly.
TpTrace Information: 0 : 13876, 1, 2021/12/03, 20:52:01.860, 19766121253021, vstest.console.dll, AssemblyResolver.OnResolve: Microsoft.VisualStudio.TestPlatform.Extensions.Trx.TestLogger: Searching in: 'C:\Program Files\dotnet\sdk\5.0.403\Extensions'.
TpTrace Information: 0 : 13876, 1, 2021/12/03, 20:52:01.862, 19766121273845, vstest.console.dll, AssemblyResolver.OnResolve: Microsoft.VisualStudio.TestPlatform.Extensions.Trx.TestLogger: Loading assembly 'C:\Program Files\dotnet\sdk\5.0.403\Extensions\Microsoft.VisualStudio.TestPlatform.Extensions.Trx.TestLogger.dll'.
TpTrace Information: 0 : 13876, 1, 2021/12/03, 20:52:01.867, 19766121317687, vstest.console.dll, AssemblyResolver.OnResolve: Resolved assembly: Microsoft.VisualStudio.TestPlatform.Extensions.Trx.TestLogger, from path: C:\Program Files\dotnet\sdk\5.0.403\Extensions\Microsoft.VisualStudio.TestPlatform.Extensions.Trx.TestLogger.dll
TpTrace Verbose: 0 : 13876, 1, 2021/12/03, 20:52:01.868, 19766121335214, vstest.console.dll, TestPluginCache: Discovered the extensions using extension path ''.
TpTrace Verbose: 0 : 13876, 1, 2021/12/03, 20:52:01.869, 19766121338469, vstest.console.dll, TestPluginCache: Discoverers are ''.
TpTrace Verbose: 0 : 13876, 1, 2021/12/03, 20:52:01.869, 19766121340142, vstest.console.dll, TestPluginCache: Executors are ''.
TpTrace Verbose: 0 : 13876, 1, 2021/12/03, 20:52:01.869, 19766121341601, vstest.console.dll, TestPluginCache: Executors2 are ''.
TpTrace Verbose: 0 : 13876, 1, 2021/12/03, 20:52:01.869, 19766121343024, vstest.console.dll, TestPluginCache: Setting providers are ''.
TpTrace Verbose: 0 : 13876, 1, 2021/12/03, 20:52:01.869, 19766121344445, vstest.console.dll, TestPluginCache: Loggers are ''.
TpTrace Information: 0 : 13876, 1, 2021/12/03, 20:52:01.882, 19766121473366, vstest.console.dll, RunTestsArgumentProcessor:Execute: Test run is starting.
TpTrace Verbose: 0 : 13876, 1, 2021/12/03, 20:52:01.882, 19766121476609, vstest.console.dll, RunTestsArgumentProcessor:Execute: Queuing Test run.
TpTrace Information: 0 : 13876, 1, 2021/12/03, 20:52:01.883, 19766121485040, vstest.console.dll, TestRequestManager.RunTests: run tests started.
TpTrace Information: 0 : 13876, 1, 2021/12/03, 20:52:01.894, 19766121594370, vstest.console.dll, AssemblyMetadataProvider.GetFrameWork: Determined framework:'.NETCoreApp,Version=v5.0' for source: 'C:\Users\Admin\Documents\Kacper IT\source\repos\ZPSB202109\Kacper.Wozniak\TestProject1\SpecFlowProject2\bin\Debug\net5.0\fine-code-coverage\build-output\SpecFlowProject2.dll'
TpTrace Information: 0 : 13876, 1, 2021/12/03, 20:52:01.895, 19766121600437, vstest.console.dll, Determined framework for all sources: .NETCoreApp,Version=v5.0
TpTrace Information: 0 : 13876, 1, 2021/12/03, 20:52:01.897, 19766121618383, vstest.console.dll, AssemblyMetadataProvider.GetArchitecture: Determined architecture:AnyCPU info for assembly: C:\Users\Admin\Documents\Kacper IT\source\repos\ZPSB202109\Kacper.Wozniak\TestProject1\SpecFlowProject2\bin\Debug\net5.0\fine-code-coverage\build-output\SpecFlowProject2.dll
TpTrace Information: 0 : 13876, 1, 2021/12/03, 20:52:01.901, 19766121659746, vstest.console.dll, Determined platform for all sources: X64
TpTrace Information: 0 : 13876, 1, 2021/12/03, 20:52:01.908, 19766121732143, vstest.console.dll, Compatible sources list : 
TpTrace Information: 0 : 13876, 1, 2021/12/03, 20:52:01.908, 19766121736452, vstest.console.dll, C:\Users\Admin\Documents\Kacper IT\source\repos\ZPSB202109\Kacper.Wozniak\TestProject1\SpecFlowProject2\bin\Debug\net5.0\fine-code-coverage\build-output\SpecFlowProject2.dll
TpTrace Information: 0 : 13876, 1, 2021/12/03, 20:52:01.917, 19766121821262, vstest.console.dll, InferRunSettingsHelper.IsTestSettingsEnabled: Unable to navigate to RunSettings/MSTest. Current node: RunSettings
TpTrace Information: 0 : 13876, 1, 2021/12/03, 20:52:01.919, 19766121837321, vstest.console.dll, AssemblyResolver.OnResolve: Microsoft.VisualStudio.TestPlatform.Fakes: Resolving assembly.
TpTrace Information: 0 : 13876, 1, 2021/12/03, 20:52:01.919, 19766121840706, vstest.console.dll, AssemblyResolver.OnResolve: Microsoft.VisualStudio.TestPlatform.Fakes: Searching in: 'C:\Program Files\dotnet\sdk\5.0.403\Extensions'.
TpTrace Information: 0 : 13876, 1, 2021/12/03, 20:52:01.919, 19766121844679, vstest.console.dll, AssemblyResolver.OnResolve: Microsoft.VisualStudio.TestPlatform.Fakes: Assembly path does not exist: 'C:\Program Files\dotnet\sdk\5.0.403\Extensions\Microsoft.VisualStudio.TestPlatform.Fakes.dll', returning.
TpTrace Information: 0 : 13876, 1, 2021/12/03, 20:52:01.920, 19766121850508, vstest.console.dll, AssemblyResolver.OnResolve: Microsoft.VisualStudio.TestPlatform.Fakes: Assembly path does not exist: 'C:\Program Files\dotnet\sdk\5.0.403\Extensions\Microsoft.VisualStudio.TestPlatform.Fakes.exe', returning.
TpTrace Information: 0 : 13876, 1, 2021/12/03, 20:52:01.921, 19766121857935, vstest.console.dll, AssemblyResolver.OnResolve: Microsoft.VisualStudio.TestPlatform.Fakes: Searching in: 'C:\Program Files\dotnet\sdk\5.0.403'.
TpTrace Information: 0 : 13876, 1, 2021/12/03, 20:52:01.921, 19766121865531, vstest.console.dll, AssemblyResolver.OnResolve: Microsoft.VisualStudio.TestPlatform.Fakes: Assembly path does not exist: 'C:\Program Files\dotnet\sdk\5.0.403\Microsoft.VisualStudio.TestPlatform.Fakes.dll', returning.
TpTrace Information: 0 : 13876, 1, 2021/12/03, 20:52:01.922, 19766121876401, vstest.console.dll, AssemblyResolver.OnResolve: Microsoft.VisualStudio.TestPlatform.Fakes: Assembly path does not exist: 'C:\Program Files\dotnet\sdk\5.0.403\Microsoft.VisualStudio.TestPlatform.Fakes.exe', returning.
TpTrace Information: 0 : 13876, 1, 2021/12/03, 20:52:01.925, 19766121900855, vstest.console.dll, AssemblyResolver.OnResolve: Microsoft.VisualStudio.TestPlatform.Fakes: Failed to load assembly.
TpTrace Information: 0 : 13876, 1, 2021/12/03, 20:52:01.928, 19766121929305, vstest.console.dll, Failed to create newly implemented Fakes Configurator. Reason:System.IO.FileNotFoundException: Could not load file or assembly 'Microsoft.VisualStudio.TestPlatform.Fakes, Version=16.0.0.0, Culture=neutral, PublicKeyToken=null'. Nie można odnaleźć określonego pliku.
File name: 'Microsoft.VisualStudio.TestPlatform.Fakes, Version=16.0.0.0, Culture=neutral, PublicKeyToken=null'
   at System.Reflection.RuntimeAssembly.InternalLoad(ObjectHandleOnStack assemblyName, ObjectHandleOnStack requestingAssembly, StackCrawlMarkHandle stackMark, Boolean throwOnFileNotFound, ObjectHandleOnStack assemblyLoadContext, ObjectHandleOnStack retAssembly)
   at System.Reflection.RuntimeAssembly.InternalLoad(AssemblyName assemblyName, RuntimeAssembly requestingAssembly, StackCrawlMark& stackMark, Boolean throwOnFileNotFound, AssemblyLoadContext assemblyLoadContext)
   at System.Reflection.Assembly.Load(AssemblyName assemblyRef)
   at Microsoft.VisualStudio.TestPlatform.Common.Utilities.FakesUtilities.TryGetFakesCrossPlatformDataCollectorConfigurator() 
TpTrace Verbose: 0 : 13876, 1, 2021/12/03, 20:52:01.940, 19766122051927, vstest.console.dll, TestPluginCache.DiscoverTestExtensions: finding test extensions in assemblies ends with: TestLogger.dll TPluginInfo: Microsoft.VisualStudio.TestPlatform.Common.ExtensionFramework.Utilities.TestLoggerPluginInformation TExtension: Microsoft.VisualStudio.TestPlatform.ObjectModel.Client.ITestLogger
TpTrace Verbose: 0 : 13876, 1, 2021/12/03, 20:52:01.940, 19766122054859, vstest.console.dll, TestPluginCache.GetExtensionPaths: Filtered extension paths: 
TpTrace Verbose: 0 : 13876, 1, 2021/12/03, 20:52:01.940, 19766122056240, vstest.console.dll, TestPluginCache.GetExtensionPaths: Added default extension paths: C:\Program Files\dotnet\sdk\5.0.403\Extensions\Microsoft.Diagnostics.NETCore.Client.dll
C:\Program Files\dotnet\sdk\5.0.403\Extensions\Microsoft.TestPlatform.Extensions.BlameDataCollector.dll
C:\Program Files\dotnet\sdk\5.0.403\Extensions\Microsoft.TestPlatform.Extensions.EventLogCollector.dll
C:\Program Files\dotnet\sdk\5.0.403\Extensions\Microsoft.TestPlatform.TestHostRuntimeProvider.dll
C:\Program Files\dotnet\sdk\5.0.403\Extensions\Microsoft.VisualStudio.TestPlatform.Extensions.Html.TestLogger.dll
C:\Program Files\dotnet\sdk\5.0.403\Extensions\Microsoft.VisualStudio.TestPlatform.Extensions.Trx.TestLogger.dll
TpTrace Verbose: 0 : 13876, 1, 2021/12/03, 20:52:01.941, 19766122057594, vstest.console.dll, TestPluginCache.GetExtensionPaths: Added unfilterableExtensionPaths: 
TpTrace Information: 0 : 13876, 1, 2021/12/03, 20:52:01.941, 19766122060833, vstest.console.dll, AssemblyResolver.AddSearchDirectories: Adding more searchDirectories C:\Program Files\dotnet\sdk\5.0.403\Extensions,C:\Program Files\dotnet\sdk\5.0.403
TpTrace Verbose: 0 : 13876, 1, 2021/12/03, 20:52:01.941, 19766122063794, vstest.console.dll, TestPluginCache.DiscoverTestExtensions: Discovering the extensions using extension path.
TpTrace Verbose: 0 : 13876, 1, 2021/12/03, 20:52:01.941, 19766122065138, vstest.console.dll, TestPluginCache.GetExtensionPaths: Filtered extension paths: 
TpTrace Verbose: 0 : 13876, 1, 2021/12/03, 20:52:01.941, 19766122066285, vstest.console.dll, TestPluginCache.GetExtensionPaths: Added default extension paths: C:\Program Files\dotnet\sdk\5.0.403\Extensions\Microsoft.Diagnostics.NETCore.Client.dll
C:\Program Files\dotnet\sdk\5.0.403\Extensions\Microsoft.TestPlatform.Extensions.BlameDataCollector.dll
C:\Program Files\dotnet\sdk\5.0.403\Extensions\Microsoft.TestPlatform.Extensions.EventLogCollector.dll
C:\Program Files\dotnet\sdk\5.0.403\Extensions\Microsoft.TestPlatform.TestHostRuntimeProvider.dll
C:\Program Files\dotnet\sdk\5.0.403\Extensions\Microsoft.VisualStudio.TestPlatform.Extensions.Html.TestLogger.dll
C:\Program Files\dotnet\sdk\5.0.403\Extensions\Microsoft.VisualStudio.TestPlatform.Extensions.Trx.TestLogger.dll
TpTrace Verbose: 0 : 13876, 1, 2021/12/03, 20:52:01.942, 19766122067374, vstest.console.dll, TestPluginCache.GetExtensionPaths: Added unfilterableExtensionPaths: 
TpTrace Verbose: 0 : 13876, 1, 2021/12/03, 20:52:01.942, 19766122068559, vstest.console.dll, TestPluginCache.DiscoverTestExtensions: Discovering the extensions using allExtensionPaths: C:\Program Files\dotnet\sdk\5.0.403\Extensions\Microsoft.Diagnostics.NETCore.Client.dll
C:\Program Files\dotnet\sdk\5.0.403\Extensions\Microsoft.TestPlatform.Extensions.BlameDataCollector.dll
C:\Program Files\dotnet\sdk\5.0.403\Extensions\Microsoft.TestPlatform.Extensions.EventLogCollector.dll
C:\Program Files\dotnet\sdk\5.0.403\Extensions\Microsoft.TestPlatform.TestHostRuntimeProvider.dll
C:\Program Files\dotnet\sdk\5.0.403\Extensions\Microsoft.VisualStudio.TestPlatform.Extensions.Html.TestLogger.dll
C:\Program Files\dotnet\sdk\5.0.403\Extensions\Microsoft.VisualStudio.TestPlatform.Extensions.Trx.TestLogger.dll
TpTrace Information: 0 : 13876, 1, 2021/12/03, 20:52:01.942, 19766122071916, vstest.console.dll, AssemblyResolver.AddSearchDirectories: Adding more searchDirectories C:\Program Files\dotnet\sdk\5.0.403\Extensions,C:\Program Files\dotnet\sdk\5.0.403
TpTrace Information: 0 : 13876, 1, 2021/12/03, 20:52:01.942, 19766122074106, vstest.console.dll, AssemblyResolver.AddSearchDirectories: Adding more searchDirectories C:\Program Files\dotnet\sdk\5.0.403\Extensions,C:\Program Files\dotnet\sdk\5.0.403
TpTrace Information: 0 : 13876, 1, 2021/12/03, 20:52:01.942, 19766122076149, vstest.console.dll, AssemblyResolver.AddSearchDirectories: Adding more searchDirectories C:\Program Files\dotnet\sdk\5.0.403\Extensions,C:\Program Files\dotnet\sdk\5.0.403
TpTrace Information: 0 : 13876, 1, 2021/12/03, 20:52:01.943, 19766122077731, vstest.console.dll, AssemblyResolver.AddSearchDirectories: Adding more searchDirectories C:\Program Files\dotnet\sdk\5.0.403\Extensions,C:\Program Files\dotnet\sdk\5.0.403
TpTrace Information: 0 : 13876, 1, 2021/12/03, 20:52:01.943, 19766122079423, vstest.console.dll, AssemblyResolver.AddSearchDirectories: Adding more searchDirectories C:\Program Files\dotnet\sdk\5.0.403\Extensions,C:\Program Files\dotnet\sdk\5.0.403
TpTrace Information: 0 : 13876, 1, 2021/12/03, 20:52:01.943, 19766122081349, vstest.console.dll, AssemblyResolver.AddSearchDirectories: Adding more searchDirectories C:\Program Files\dotnet\sdk\5.0.403\Extensions,C:\Program Files\dotnet\sdk\5.0.403
TpTrace Information: 0 : 13876, 1, 2021/12/03, 20:52:01.944, 19766122088447, vstest.console.dll, AssemblyResolver.OnResolve: Microsoft.Bcl.AsyncInterfaces: Resolving assembly.
TpTrace Information: 0 : 13876, 1, 2021/12/03, 20:52:01.944, 19766122091049, vstest.console.dll, AssemblyResolver.OnResolve: Microsoft.Bcl.AsyncInterfaces: Resolved from cache.
TpTrace Verbose: 0 : 13876, 1, 2021/12/03, 20:52:01.944, 19766122092706, vstest.console.dll, CurrentDomainAssemblyResolve: Resolving assembly 'Microsoft.Bcl.AsyncInterfaces'.
TpTrace Information: 0 : 13876, 1, 2021/12/03, 20:52:01.945, 19766122097062, vstest.console.dll, AssemblyResolver.OnResolve: Microsoft.Bcl.AsyncInterfaces: Resolving assembly.
TpTrace Information: 0 : 13876, 1, 2021/12/03, 20:52:01.945, 19766122098593, vstest.console.dll, AssemblyResolver.OnResolve: Microsoft.Bcl.AsyncInterfaces: Resolved from cache.
TpTrace Verbose: 0 : 13876, 1, 2021/12/03, 20:52:01.945, 19766122100584, vstest.console.dll, CurrentDomainAssemblyResolve: Resolving assembly 'Microsoft.Bcl.AsyncInterfaces'.
TpTrace Verbose: 0 : 13876, 1, 2021/12/03, 20:52:01.945, 19766122102075, vstest.console.dll, CurrentDomainAssemblyResolve: Failed to resolve assembly 'Microsoft.Bcl.AsyncInterfaces'.
TpTrace Verbose: 0 : 13876, 1, 2021/12/03, 20:52:01.945, 19766122105866, vstest.console.dll, CurrentDomainAssemblyResolve: Failed to resolve assembly 'Microsoft.Bcl.AsyncInterfaces'.
TpTrace Warning: 0 : 13876, 1, 2021/12/03, 20:52:01.946, 19766122112562, vstest.console.dll, TestPluginDiscoverer: Failed to get types from assembly 'Microsoft.Diagnostics.NETCore.Client, Version=0.2.2.41902, Culture=neutral, PublicKeyToken=31bf3856ad364e35'.  Skipping test extension scan for this assembly.  Error: System.Reflection.ReflectionTypeLoadException: Unable to load one or more of the requested types.
Could not load file or assembly 'Microsoft.Bcl.AsyncInterfaces, Version=1.0.0.0, Culture=neutral, PublicKeyToken=cc7b13ffcd2ddd51'. Nie można odnaleźć określonego pliku.
   at System.Reflection.RuntimeModule.GetTypes(RuntimeModule module)
   at System.Reflection.RuntimeModule.GetTypes()
   at System.Reflection.Assembly.GetTypes()
   at Microsoft.VisualStudio.TestPlatform.Common.ExtensionFramework.TestPluginDiscoverer.GetTestExtensionsFromAssembly[TPluginInfo,TExtension](Assembly assembly, Dictionary`2 pluginInfos)
System.IO.FileNotFoundException: Could not load file or assembly 'Microsoft.Bcl.AsyncInterfaces, Version=1.0.0.0, Culture=neutral, PublicKeyToken=cc7b13ffcd2ddd51'. Nie można odnaleźć określonego pliku.
File name: 'Microsoft.Bcl.AsyncInterfaces, Version=1.0.0.0, Culture=neutral, PublicKeyToken=cc7b13ffcd2ddd51'
TpTrace Warning: 0 : 13876, 1, 2021/12/03, 20:52:01.946, 19766122114676, vstest.console.dll, LoaderExceptions: System.IO.FileNotFoundException: Could not load file or assembly 'Microsoft.Bcl.AsyncInterfaces, Version=1.0.0.0, Culture=neutral, PublicKeyToken=cc7b13ffcd2ddd51'. Nie można odnaleźć określonego pliku.
File name: 'Microsoft.Bcl.AsyncInterfaces, Version=1.0.0.0, Culture=neutral, PublicKeyToken=cc7b13ffcd2ddd51'
TpTrace Verbose: 0 : 13876, 1, 2021/12/03, 20:52:01.947, 19766122124200, vstest.console.dll, TestPluginCache: Discovered the extensions using extension path ''.
TpTrace Verbose: 0 : 13876, 1, 2021/12/03, 20:52:01.947, 19766122126444, vstest.console.dll, TestPluginCache: Discoverers are ''.
TpTrace Verbose: 0 : 13876, 1, 2021/12/03, 20:52:01.948, 19766122127863, vstest.console.dll, TestPluginCache: Executors are ''.
TpTrace Verbose: 0 : 13876, 1, 2021/12/03, 20:52:01.948, 19766122129345, vstest.console.dll, TestPluginCache: Executors2 are ''.
TpTrace Verbose: 0 : 13876, 1, 2021/12/03, 20:52:01.948, 19766122130682, vstest.console.dll, TestPluginCache: Setting providers are ''.
TpTrace Verbose: 0 : 13876, 1, 2021/12/03, 20:52:01.948, 19766122133042, vstest.console.dll, TestPluginCache: Loggers are 'logger://Microsoft/TestPlatform/Extensions/Blame/v1,logger://Microsoft/TestPlatform/HtmlLogger/v1,logger://Microsoft/TestPlatform/TrxLogger/v1'.
TpTrace Information: 0 : 13876, 1, 2021/12/03, 20:52:01.950, 19766122148382, vstest.console.dll, TestPluginManager.CreateTestExtension: Attempting to load test extension: Microsoft.TestPlatform.Extensions.BlameDataCollector.BlameLogger
TpTrace Information: 0 : 13876, 1, 2021/12/03, 20:52:01.968, 19766122334493, vstest.console.dll, TestPluginManager.CreateTestExtension: Attempting to load test extension: Microsoft.VisualStudio.TestPlatform.CrossPlatEngine.Hosting.DefaultTestHostManager
TpTrace Information: 0 : 13876, 1, 2021/12/03, 20:52:01.969, 19766122339921, vstest.console.dll, TestPluginManager.CreateTestExtension: Attempting to load test extension: Microsoft.VisualStudio.TestPlatform.CrossPlatEngine.Hosting.DotnetTestHostManager
TpTrace Verbose: 0 : 13876, 1, 2021/12/03, 20:52:01.972, 19766122367540, vstest.console.dll, TestEngine: Initializing Parallel Execution as MaxCpuCount is set to: 1
TpTrace Information: 0 : 13876, 1, 2021/12/03, 20:52:01.973, 19766122378469, vstest.console.dll, InferRunSettingsHelper.IsTestSettingsEnabled: Unable to navigate to RunSettings/MSTest. Current node: RunSettings
TpTrace Verbose: 0 : 13876, 1, 2021/12/03, 20:52:02.012, 19766122775402, vstest.console.dll, TestRequestSender is acting as server
TpTrace Verbose: 0 : 13876, 4, 2021/12/03, 20:52:02.019, 19766122843618, vstest.console.dll, DataCollectionRequestSender.InitializeCommunication : Initialize communication. 
TpTrace Information: 0 : 13876, 4, 2021/12/03, 20:52:02.061, 19766123263120, vstest.console.dll, Listening on Endpoint : 127.0.0.1:61939
TpTrace Verbose: 0 : 13876, 4, 2021/12/03, 20:52:02.079, 19766123445726, vstest.console.dll, DotnetDataCollectionLauncher: Full path of dotnet.exe is C:\Program Files\dotnet\dotnet.exe
TpTrace Verbose: 0 : 13876, 4, 2021/12/03, 20:52:02.080, 19766123450723, vstest.console.dll, DotnetDataCollectionLauncher: Adding  --runtimeconfig "C:\Program Files\dotnet\sdk\5.0.403\datacollector.runtimeconfig.json" in args
TpTrace Verbose: 0 : 13876, 4, 2021/12/03, 20:52:02.080, 19766123454814, vstest.console.dll, DotnetDataCollectionLauncher: Adding  --depsfile "C:\Program Files\dotnet\sdk\5.0.403\datacollector.deps.json" in args
TpTrace Information: 0 : 13876, 4, 2021/12/03, 20:52:02.105, 19766123697582, vstest.console.dll, ProxyDataCollectionManager.Initialize: Launched datacollector processId: 34312 port: 61939
TpTrace Information: 0 : 13876, 4, 2021/12/03, 20:52:02.119, 19766123842761, vstest.console.dll, ProxyDataCollectionManager.Initialize: waiting for connection with timeout: 90 seconds
TpTrace Verbose: 0 : 13876, 4, 2021/12/03, 20:52:02.131, 19766123966984, vstest.console.dll, DataCollectionRequestSender.WaitForRequestHandlerConnection : Waiting for connection with timeout: 90000
TpTrace Information: 0 : 13876, 7, 2021/12/03, 20:52:02.807, 19766130722974, vstest.console.dll, Using the buffer size of 16384 bytes
TpTrace Verbose: 0 : 13876, 4, 2021/12/03, 20:52:02.807, 19766130723971, vstest.console.dll, ProxyDataCollectionManager.InvokeDataCollectionServiceAction: Starting.
TpTrace Information: 0 : 13876, 7, 2021/12/03, 20:52:02.807, 19766130726666, vstest.console.dll, Accepted Client request and set the flag
TpTrace Information: 0 : 13876, 4, 2021/12/03, 20:52:02.808, 19766130727123, vstest.console.dll, ProxyDataCollectionManager.BeforeTestRunStart: Get environment variable and port for datacollector processId: 34312 port: 61939
TpTrace Verbose: 0 : 13876, 4, 2021/12/03, 20:52:02.808, 19766130732196, vstest.console.dll, DataCollectionRequestSender.SendBeforeTestRunStartAndGetResult : Send BeforeTestRunStart message with settingsXml <RunSettings><RunConfiguration><ResultsDirectory>C:\Users\Admin\Documents\Kacper IT\source\repos\ZPSB202109\Kacper.Wozniak\TestProject1\SpecFlowProject2\bin\Debug\net5.0\fine-code-coverage\coverage-tool-output</ResultsDirectory><TargetPlatform>X64</TargetPlatform><TargetFrameworkVersion>.NETCoreApp,Version=v5.0</TargetFrameworkVersion><DesignMode>False</DesignMode><CollectSourceInformation>False</CollectSourceInformation><TestAdaptersPaths>C:\Program Files\dotnet\sdk\5.0.403\Extensions</TestAdaptersPaths></RunConfiguration><LoggerRunSettings><Loggers><Logger friendlyName="blame" enabled="True" /><Logger friendlyName="Console" uri="logger://microsoft/TestPlatform/ConsoleLogger/v1" assemblyQualifiedName="Microsoft.VisualStudio.TestPlatform.CommandLine.Internal.ConsoleLogger, vstest.console, Version=15.0.0.0, Culture=neutral, PublicKeyToken=b03f5f7f11d50a3a" codeBase="C:\Program Files\dotnet\sdk\5.0.403\vstest.console.dll" enabled="True" /></Loggers></LoggerRunSettings><DataCollectionRunSettings><DataCollectors><DataCollector friendlyName="blame" enabled="True"><Configuration><ResultsDirectory>C:\Users\Admin\Documents\Kacper IT\source\repos\ZPSB202109\Kacper.Wozniak\TestProject1\SpecFlowProject2\bin\Debug\net5.0\fine-code-coverage\coverage-tool-output</ResultsDirectory></Configuration></DataCollector></DataCollectors></DataCollectionRunSettings></RunSettings> and sources System.Linq.Enumerable+Concat2Iterator`1[System.String]: 
TpTrace Verbose: 0 : 13876, 4, 2021/12/03, 20:52:03.136, 19766134016122, vstest.console.dll, DataCollectionRequestSender.SendBeforeTestRunStartAndGetResult : Received message: (DataCollection.SendMessage) -> {
  "FriendlyName": null,
  "Uri": null,
  "TestCaseId": "00000000-0000-0000-0000-000000000000",
  "Message": "Logging DataCollector Diagnostics in file: C:\\Users\\Admin\\Documents\\Kacper IT\\source\\repos\\ZPSB202109\\Kacper.Wozniak\\TestProject1\\SpecFlowProject2\\bin\\Debug\\net5.0\\fine-code-coverage\\coverage-tool-output\\diagnostics.datacollector.21-12-03_20-52-02_07251_4.log",
  "Level": 0
}
TpTrace Verbose: 0 : 13876, 4, 2021/12/03, 20:52:03.390, 19766136553355, vstest.console.dll, DataCollectionRequestSender.SendBeforeTestRunStartAndGetResult : Received message: (DataCollection.BeforeTestRunStartResult) -> {
  "EnvironmentVariables": {},
  "DataCollectionEventsPort": 61941
}
TpTrace Information: 0 : 13876, 4, 2021/12/03, 20:52:03.401, 19766136664891, vstest.console.dll, ProxyDataCollectionManager.BeforeTestRunStart: SendBeforeTestRunStartAndGetResult successful, env variable from datacollector:   and testhost port: 61941
TpTrace Information: 0 : 13876, 4, 2021/12/03, 20:52:03.402, 19766136675096, vstest.console.dll, ProxyDataCollectionManager.InvokeDataCollectionServiceAction: Completed.
TpTrace Verbose: 0 : 13876, 1, 2021/12/03, 20:52:03.403, 19766136686322, vstest.console.dll, TestRunRequest.ExecuteAsync: Creating test run request.
TpTrace Verbose: 0 : 13876, 1, 2021/12/03, 20:52:03.404, 19766136696337, vstest.console.dll, TestRunRequest.ExecuteAsync: Starting.
TpTrace Information: 0 : 13876, 1, 2021/12/03, 20:52:03.406, 19766136713888, vstest.console.dll, TestRunRequest.ExecuteAsync: Starting run with settings:TestRunCriteria:
   KeepAlive=False,FrequencyOfRunStatsChangeEvent=10,RunStatsChangeEventTimeout=00:00:01.5000000,TestCaseFilter=,TestExecutorLauncher=
   Settingsxml=<RunSettings>
  <RunConfiguration>
    <ResultsDirectory>C:\Users\Admin\Documents\Kacper IT\source\repos\ZPSB202109\Kacper.Wozniak\TestProject1\SpecFlowProject2\bin\Debug\net5.0\fine-code-coverage\coverage-tool-output</ResultsDirectory>
    <TargetPlatform>X64</TargetPlatform>
    <TargetFrameworkVersion>.NETCoreApp,Version=v5.0</TargetFrameworkVersion>
    <DesignMode>False</DesignMode>
    <CollectSourceInformation>False</CollectSourceInformation>
  </RunConfiguration>
  <LoggerRunSettings>
    <Loggers>
      <Logger friendlyName="blame" enabled="True" />
      <Logger friendlyName="Console" uri="logger://microsoft/TestPlatform/ConsoleLogger/v1" assemblyQualifiedName="Microsoft.VisualStudio.TestPlatform.CommandLine.Internal.ConsoleLogger, vstest.console, Version=15.0.0.0, Culture=neutral, PublicKeyToken=b03f5f7f11d50a3a" codeBase="C:\Program Files\dotnet\sdk\5.0.403\vstest.console.dll" enabled="True" />
    </Loggers>
  </LoggerRunSettings>
  <DataCollectionRunSettings>
    <DataCollectors>
      <DataCollector friendlyName="blame" enabled="True">
        <Configuration>
          <ResultsDirectory>C:\Users\Admin\Documents\Kacper IT\source\repos\ZPSB202109\Kacper.Wozniak\TestProject1\SpecFlowProject2\bin\Debug\net5.0\fine-code-coverage\coverage-tool-output</ResultsDirectory>
        </Configuration>
      </DataCollector>
    </DataCollectors>
  </DataCollectionRunSettings>
</RunSettings>

TpTrace Verbose: 0 : 13876, 1, 2021/12/03, 20:52:03.407, 19766136717783, vstest.console.dll, TestRunRequest.ExecuteAsync: Wait for the first run request is over.
TpTrace Verbose: 0 : 13876, 1, 2021/12/03, 20:52:03.408, 19766136730493, vstest.console.dll, ParallelProxyExecutionManager: Start execution. Total sources: 1
TpTrace Information: 0 : 13876, 1, 2021/12/03, 20:52:03.410, 19766136752903, vstest.console.dll, ProxyParallelExecutionManager: Triggering test run for next source: C:\Users\Admin\Documents\Kacper IT\source\repos\ZPSB202109\Kacper.Wozniak\TestProject1\SpecFlowProject2\bin\Debug\net5.0\fine-code-coverage\build-output\SpecFlowProject2.dll
TpTrace Verbose: 0 : 13876, 1, 2021/12/03, 20:52:03.411, 19766136763700, vstest.console.dll, ProxyParallelExecutionManager: No sources available for execution.
TpTrace Information: 0 : 13876, 1, 2021/12/03, 20:52:03.412, 19766136775819, vstest.console.dll, TestRunRequest.ExecuteAsync: Started.
TpTrace Verbose: 0 : 13876, 1, 2021/12/03, 20:52:03.414, 19766136796720, vstest.console.dll, TestRunRequest.WaitForCompletion: Waiting with timeout -1.
TpTrace Verbose: 0 : 13876, 10, 2021/12/03, 20:52:03.415, 19766136804343, vstest.console.dll, ParallelProxyExecutionManager: Execution started. Started clients: 1
TpTrace Verbose: 0 : 13876, 10, 2021/12/03, 20:52:03.417, 19766136820371, vstest.console.dll, TestRunRequest:SendTestRunMessage: Starting.
TpTrace Information: 0 : 13876, 10, 2021/12/03, 20:52:03.419, 19766136837585, vstest.console.dll, TestRunRequest:SendTestRunMessage: Completed.
TpTrace Verbose: 0 : 13876, 10, 2021/12/03, 20:52:03.419, 19766136845729, vstest.console.dll, ProxyExecutionManager: Test host is always Lazy initialize.
TpTrace Verbose: 0 : 13876, 10, 2021/12/03, 20:52:03.420, 19766136855897, vstest.console.dll, TestRequestSender.InitializeCommunication: initialize communication. 
TpTrace Information: 0 : 13876, 10, 2021/12/03, 20:52:03.426, 19766136912726, vstest.console.dll, SocketServer.Start: Listening on endpoint : 127.0.0.1:61942
TpTrace Verbose: 0 : 13876, 10, 2021/12/03, 20:52:03.432, 19766136971144, vstest.console.dll, DotnetTestHostmanager: Adding  --runtimeconfig "C:\Users\Admin\Documents\Kacper IT\source\repos\ZPSB202109\Kacper.Wozniak\TestProject1\SpecFlowProject2\bin\Debug\net5.0\fine-code-coverage\build-output\SpecFlowProject2.runtimeconfig.json" in args
TpTrace Verbose: 0 : 13876, 10, 2021/12/03, 20:52:03.433, 19766136978626, vstest.console.dll, DotnetTestHostmanager: Adding  --depsfile "C:\Users\Admin\Documents\Kacper IT\source\repos\ZPSB202109\Kacper.Wozniak\TestProject1\SpecFlowProject2\bin\Debug\net5.0\fine-code-coverage\build-output\SpecFlowProject2.deps.json" in args
TpTrace Verbose: 0 : 13876, 10, 2021/12/03, 20:52:03.434, 19766136989342, vstest.console.dll, DotnetTestHostManager: Testhost.exe/testhost.x86.exe found at path: C:\Users\Admin\Documents\Kacper IT\source\repos\ZPSB202109\Kacper.Wozniak\TestProject1\SpecFlowProject2\bin\Debug\net5.0\fine-code-coverage\build-output\testhost.exe
TpTrace Verbose: 0 : 13876, 10, 2021/12/03, 20:52:03.434, 19766136993540, vstest.console.dll, DotnetTestHostmanager: Full path of host exe is C:\Users\Admin\Documents\Kacper IT\source\repos\ZPSB202109\Kacper.Wozniak\TestProject1\SpecFlowProject2\bin\Debug\net5.0\fine-code-coverage\build-output\testhost.exe
TpTrace Verbose: 0 : 13876, 6, 2021/12/03, 20:52:03.437, 19766137017716, vstest.console.dll, DotnetTestHostManager: Starting process 'C:\Users\Admin\Documents\Kacper IT\source\repos\ZPSB202109\Kacper.Wozniak\TestProject1\SpecFlowProject2\bin\Debug\net5.0\fine-code-coverage\build-output\testhost.exe' with command line ' --runtimeconfig "C:\Users\Admin\Documents\Kacper IT\source\repos\ZPSB202109\Kacper.Wozniak\TestProject1\SpecFlowProject2\bin\Debug\net5.0\fine-code-coverage\build-output\SpecFlowProject2.runtimeconfig.json" --depsfile "C:\Users\Admin\Documents\Kacper IT\source\repos\ZPSB202109\Kacper.Wozniak\TestProject1\SpecFlowProject2\bin\Debug\net5.0\fine-code-coverage\build-output\SpecFlowProject2.deps.json" --port 61942 --endpoint 127.0.0.1:061942 --role client --parentprocessid 13876 --diag "C:\Users\Admin\Documents\Kacper IT\source\repos\ZPSB202109\Kacper.Wozniak\TestProject1\SpecFlowProject2\bin\Debug\net5.0\fine-code-coverage\coverage-tool-output\diagnostics.host.21-12-03_20-52-03_42775_10.log" --tracelevel 4 --datacollectionport 61941 --telemetryoptedin false'
TpTrace Verbose: 0 : 13876, 6, 2021/12/03, 20:52:03.479, 19766137437444, vstest.console.dll, Test Runtime launched
TpTrace Verbose: 0 : 13876, 10, 2021/12/03, 20:52:03.509, 19766137739986, vstest.console.dll, TestRequestSender.WaitForRequestHandlerConnection: waiting for connection with timeout: 90000
TpTrace Verbose: 0 : 13876, 6, 2021/12/03, 20:52:04.665, 19766149302696, vstest.console.dll, SocketServer.OnClientConnected: Client connected for endPoint: 127.0.0.1:61942, starting MessageLoopAsync:
TpTrace Verbose: 0 : 13876, 6, 2021/12/03, 20:52:04.667, 19766149326384, vstest.console.dll, TcpClientExtensions.MessageLoopAsync: Polling on remoteEndPoint: 127.0.0.1:61943 localEndPoint: 127.0.0.1:61942
TpTrace Verbose: 0 : 13876, 6, 2021/12/03, 20:52:05.138, 19766154032215, vstest.console.dll, TcpClientExtensions.MessageLoopAsync: NotifyDataAvailable remoteEndPoint: 127.0.0.1:61943 localEndPoint: 127.0.0.1:61942
TpTrace Verbose: 0 : 13876, 6, 2021/12/03, 20:52:05.139, 19766154040854, vstest.console.dll, TestRequestSender.CheckVersionWithTestHost: onMessageReceived received message: (ProtocolVersion) -> 5
TpTrace Verbose: 0 : 13876, 6, 2021/12/03, 20:52:05.140, 19766154049230, vstest.console.dll, TcpClientExtensions.MessageLoopAsync: Polling on remoteEndPoint: 127.0.0.1:61943 localEndPoint: 127.0.0.1:61942
TpTrace Verbose: 0 : 13876, 10, 2021/12/03, 20:52:05.140, 19766154051159, vstest.console.dll, TestPluginCache.GetExtensionPaths: Filtered extension paths: 
TpTrace Verbose: 0 : 13876, 10, 2021/12/03, 20:52:05.140, 19766154055121, vstest.console.dll, TestPluginCache.GetExtensionPaths: Added default extension paths: C:\Program Files\dotnet\sdk\5.0.403\Extensions\Microsoft.Diagnostics.NETCore.Client.dll
C:\Program Files\dotnet\sdk\5.0.403\Extensions\Microsoft.TestPlatform.Extensions.BlameDataCollector.dll
C:\Program Files\dotnet\sdk\5.0.403\Extensions\Microsoft.TestPlatform.Extensions.EventLogCollector.dll
C:\Program Files\dotnet\sdk\5.0.403\Extensions\Microsoft.TestPlatform.TestHostRuntimeProvider.dll
C:\Program Files\dotnet\sdk\5.0.403\Extensions\Microsoft.VisualStudio.TestPlatform.Extensions.Html.TestLogger.dll
C:\Program Files\dotnet\sdk\5.0.403\Extensions\Microsoft.VisualStudio.TestPlatform.Extensions.Trx.TestLogger.dll
TpTrace Verbose: 0 : 13876, 10, 2021/12/03, 20:52:05.140, 19766154056885, vstest.console.dll, TestPluginCache.GetExtensionPaths: Added unfilterableExtensionPaths: 
TpTrace Verbose: 0 : 13876, 10, 2021/12/03, 20:52:05.149, 19766154143120, vstest.console.dll, TestRequestSender.InitializeExecution: Sending initializing execution with message: {"Version":5,"MessageType":"TestExecution.Initialize","Payload":["C:\\Users\\Admin\\Documents\\Kacper IT\\source\\repos\\ZPSB202109\\Kacper.Wozniak\\TestProject1\\SpecFlowProject2\\bin\\Debug\\net5.0\\fine-code-coverage\\build-output\\NUnit3.TestAdapter.dll"]}
TpTrace Verbose: 0 : 13876, 10, 2021/12/03, 20:52:05.170, 19766154350578, vstest.console.dll, TestRequestSender.StartTestRun: Sending test run with message: {"Version":5,"MessageType":"TestExecution.StartWithSources","Payload":{"AdapterSourceMap":{"_none_":["C:\\Users\\Admin\\Documents\\Kacper IT\\source\\repos\\ZPSB202109\\Kacper.Wozniak\\TestProject1\\SpecFlowProject2\\bin\\Debug\\net5.0\\fine-code-coverage\\build-output\\SpecFlowProject2.dll"]},"RunSettings":"<RunSettings>\r\n  <RunConfiguration>\r\n    <ResultsDirectory>C:\\Users\\Admin\\Documents\\Kacper IT\\source\\repos\\ZPSB202109\\Kacper.Wozniak\\TestProject1\\SpecFlowProject2\\bin\\Debug\\net5.0\\fine-code-coverage\\coverage-tool-output</ResultsDirectory>\r\n    <TargetPlatform>X64</TargetPlatform>\r\n    <TargetFrameworkVersion>.NETCoreApp,Version=v5.0</TargetFrameworkVersion>\r\n    <DesignMode>False</DesignMode>\r\n    <CollectSourceInformation>False</CollectSourceInformation>\r\n  </RunConfiguration>\r\n  <LoggerRunSettings>\r\n    <Loggers>\r\n      <Logger friendlyName=\"blame\" enabled=\"True\" />\r\n      <Logger friendlyName=\"Console\" uri=\"logger://microsoft/TestPlatform/ConsoleLogger/v1\" assemblyQualifiedName=\"Microsoft.VisualStudio.TestPlatform.CommandLine.Internal.ConsoleLogger, vstest.console, Version=15.0.0.0, Culture=neutral, PublicKeyToken=b03f5f7f11d50a3a\" codeBase=\"C:\\Program Files\\dotnet\\sdk\\5.0.403\\vstest.console.dll\" enabled=\"True\" />\r\n    </Loggers>\r\n  </LoggerRunSettings>\r\n  <DataCollectionRunSettings>\r\n    <DataCollectors>\r\n      <DataCollector friendlyName=\"blame\" enabled=\"True\">\r\n        <Configuration>\r\n          <ResultsDirectory>C:\\Users\\Admin\\Documents\\Kacper IT\\source\\repos\\ZPSB202109\\Kacper.Wozniak\\TestProject1\\SpecFlowProject2\\bin\\Debug\\net5.0\\fine-code-coverage\\coverage-tool-output</ResultsDirectory>\r\n        </Configuration>\r\n      </DataCollector>\r\n    </DataCollectors>\r\n  </DataCollectionRunSettings>\r\n</RunSettings>","TestExecutionContext":{"FrequencyOfRunStatsChangeEvent":10,"RunStatsChangeEventTimeout":"00:00:01.5000000","InIsolation":false,"KeepAlive":false,"AreTestCaseLevelEventsRequired":false,"IsDebug":false,"TestCaseFilter":null,"FilterOptions":null},"Package":null}}
TpTrace Verbose: 0 : 13876, 6, 2021/12/03, 20:52:05.175, 19766154403999, vstest.console.dll, TcpClientExtensions.MessageLoopAsync: NotifyDataAvailable remoteEndPoint: 127.0.0.1:61943 localEndPoint: 127.0.0.1:61942
TpTrace Verbose: 0 : 13876, 6, 2021/12/03, 20:52:05.176, 19766154408198, vstest.console.dll, TestRequestSender.OnExecutionMessageReceived: Received message: {"Version":5,"MessageType":"TestSession.Message","Payload":{"MessageLevel":0,"Message":"Logging TestHost Diagnostics in file: C:\\Users\\Admin\\Documents\\Kacper IT\\source\\repos\\ZPSB202109\\Kacper.Wozniak\\TestProject1\\SpecFlowProject2\\bin\\Debug\\net5.0\\fine-code-coverage\\coverage-tool-output\\diagnostics.host.21-12-03_20-52-03_42775_10.log"}}
TpTrace Verbose: 0 : 13876, 6, 2021/12/03, 20:52:05.180, 19766154450539, vstest.console.dll, TestRunRequest:SendTestRunMessage: Starting.
TpTrace Information: 0 : 13876, 6, 2021/12/03, 20:52:05.181, 19766154459702, vstest.console.dll, TestRunRequest:SendTestRunMessage: Completed.
TpTrace Verbose: 0 : 13876, 6, 2021/12/03, 20:52:05.182, 19766154467753, vstest.console.dll, TcpClientExtensions.MessageLoopAsync: Polling on remoteEndPoint: 127.0.0.1:61943 localEndPoint: 127.0.0.1:61942
TpTrace Verbose: 0 : 13876, 6, 2021/12/03, 20:52:06.183, 19766164478948, vstest.console.dll, TcpClientExtensions.MessageLoopAsync: Polling on remoteEndPoint: 127.0.0.1:61943 localEndPoint: 127.0.0.1:61942
TpTrace Verbose: 0 : 13876, 6, 2021/12/03, 20:52:06.514, 19766167793910, vstest.console.dll, TcpClientExtensions.MessageLoopAsync: NotifyDataAvailable remoteEndPoint: 127.0.0.1:61943 localEndPoint: 127.0.0.1:61942
TpTrace Verbose: 0 : 13876, 6, 2021/12/03, 20:52:06.515, 19766167797925, vstest.console.dll, TestRequestSender.OnExecutionMessageReceived: Received message: {"Version":5,"MessageType":"TestSession.Message","Payload":{"MessageLevel":0,"Message":"NUnit Adapter 4.1.0.0: Test execution started"}}
TpTrace Verbose: 0 : 13876, 6, 2021/12/03, 20:52:06.516, 19766167810633, vstest.console.dll, TestRunRequest:SendTestRunMessage: Starting.
TpTrace Information: 0 : 13876, 6, 2021/12/03, 20:52:06.516, 19766167813612, vstest.console.dll, TestRunRequest:SendTestRunMessage: Completed.
TpTrace Verbose: 0 : 13876, 6, 2021/12/03, 20:52:06.516, 19766167815816, vstest.console.dll, TcpClientExtensions.MessageLoopAsync: Polling on remoteEndPoint: 127.0.0.1:61943 localEndPoint: 127.0.0.1:61942
TpTrace Verbose: 0 : 13876, 6, 2021/12/03, 20:52:06.596, 19766168607358, vstest.console.dll, TcpClientExtensions.MessageLoopAsync: NotifyDataAvailable remoteEndPoint: 127.0.0.1:61943 localEndPoint: 127.0.0.1:61942
TpTrace Verbose: 0 : 13876, 6, 2021/12/03, 20:52:06.596, 19766168610323, vstest.console.dll, TestRequestSender.OnExecutionMessageReceived: Received message: {"Version":5,"MessageType":"TestSession.Message","Payload":{"MessageLevel":0,"Message":"Running all tests in C:\\Users\\Admin\\Documents\\Kacper IT\\source\\repos\\ZPSB202109\\Kacper.Wozniak\\TestProject1\\SpecFlowProject2\\bin\\Debug\\net5.0\\fine-code-coverage\\build-output\\SpecFlowProject2.dll"}}
TpTrace Verbose: 0 : 13876, 6, 2021/12/03, 20:52:06.596, 19766168614730, vstest.console.dll, TestRunRequest:SendTestRunMessage: Starting.
TpTrace Information: 0 : 13876, 6, 2021/12/03, 20:52:06.596, 19766168616852, vstest.console.dll, TestRunRequest:SendTestRunMessage: Completed.
TpTrace Verbose: 0 : 13876, 6, 2021/12/03, 20:52:06.597, 19766168618561, vstest.console.dll, TcpClientExtensions.MessageLoopAsync: Polling on remoteEndPoint: 127.0.0.1:61943 localEndPoint: 127.0.0.1:61942
TpTrace Verbose: 0 : 13876, 6, 2021/12/03, 20:52:07.598, 19766178632523, vstest.console.dll, TcpClientExtensions.MessageLoopAsync: Polling on remoteEndPoint: 127.0.0.1:61943 localEndPoint: 127.0.0.1:61942
TpTrace Verbose: 0 : 13876, 6, 2021/12/03, 20:52:08.601, 19766188665598, vstest.console.dll, TcpClientExtensions.MessageLoopAsync: Polling on remoteEndPoint: 127.0.0.1:61943 localEndPoint: 127.0.0.1:61942
TpTrace Verbose: 0 : 13876, 6, 2021/12/03, 20:52:08.847, 19766191117604, vstest.console.dll, TcpClientExtensions.MessageLoopAsync: NotifyDataAvailable remoteEndPoint: 127.0.0.1:61943 localEndPoint: 127.0.0.1:61942
TpTrace Verbose: 0 : 13876, 6, 2021/12/03, 20:52:08.847, 19766191121503, vstest.console.dll, TestRequestSender.OnExecutionMessageReceived: Received message: {"Version":5,"MessageType":"TestSession.Message","Payload":{"MessageLevel":0,"Message":"   NUnit3TestExecutor discovered 2 of 2 NUnit test cases using Current Discovery mode, Non-Explicit run"}}
TpTrace Verbose: 0 : 13876, 6, 2021/12/03, 20:52:08.847, 19766191125960, vstest.console.dll, TestRunRequest:SendTestRunMessage: Starting.
TpTrace Information: 0 : 13876, 6, 2021/12/03, 20:52:08.848, 19766191127930, vstest.console.dll, TestRunRequest:SendTestRunMessage: Completed.
TpTrace Verbose: 0 : 13876, 6, 2021/12/03, 20:52:08.848, 19766191129487, vstest.console.dll, TcpClientExtensions.MessageLoopAsync: Polling on remoteEndPoint: 127.0.0.1:61943 localEndPoint: 127.0.0.1:61942
TpTrace Verbose: 0 : 13876, 6, 2021/12/03, 20:52:09.569, 19766198341537, vstest.console.dll, TcpClientExtensions.MessageLoopAsync: NotifyDataAvailable remoteEndPoint: 127.0.0.1:61943 localEndPoint: 127.0.0.1:61942
TpTrace Verbose: 0 : 13876, 6, 2021/12/03, 20:52:09.571, 19766198360257, vstest.console.dll, TestRequestSender.OnExecutionMessageReceived: Received message: {"Version":5,"MessageType":"TestExecution.StatsChange","Payload":{"NewTestResults":[],"TestRunStatistics":{"ExecutedTests":0,"Stats":{}},"ActiveTests":[{"Id":"d8f4090d-c10e-1c60-44dc-0a001454362b","FullyQualifiedName":"SpecFlowProject2.Features.CalculatorFeature.AddTwoNumbers","DisplayName":"AddTwoNumbers","ExecutorUri":"executor://NUnit3TestExecutor","Source":"C:\\Users\\Admin\\Documents\\Kacper IT\\source\\repos\\ZPSB202109\\Kacper.Wozniak\\TestProject1\\SpecFlowProject2\\bin\\Debug\\net5.0\\fine-code-coverage\\build-output\\SpecFlowProject2.dll","CodeFilePath":null,"LineNumber":0,"Properties":[{"Key":{"Id":"NUnit.TestCategory","Label":"TestCategory","Category":"","Description":"","Attributes":5,"ValueType":"System.String[]"},"Value":["mytag"]},{"Key":{"Id":"NUnit.Seed","Label":"Seed","Category":"","Description":"","Attributes":0,"ValueType":"System.String"},"Value":"76425467"}]}]}}
TpTrace Verbose: 0 : 13876, 6, 2021/12/03, 20:52:09.712, 19766199772139, vstest.console.dll, TestRunRequest:SendTestRunStatsChange: Starting.
TpTrace Verbose: 0 : 13876, 6, 2021/12/03, 20:52:09.714, 19766199792532, vstest.console.dll, InProgress is AddTwoNumbers
TpTrace Information: 0 : 13876, 6, 2021/12/03, 20:52:09.717, 19766199817212, vstest.console.dll, TestRunRequest:SendTestRunStatsChange: Completed.
TpTrace Verbose: 0 : 13876, 6, 2021/12/03, 20:52:09.726, 19766199912806, vstest.console.dll, TcpClientExtensions.MessageLoopAsync: Polling on remoteEndPoint: 127.0.0.1:61943 localEndPoint: 127.0.0.1:61942
TpTrace Verbose: 0 : 13876, 6, 2021/12/03, 20:52:10.737, 19766210023530, vstest.console.dll, TcpClientExtensions.MessageLoopAsync: Polling on remoteEndPoint: 127.0.0.1:61943 localEndPoint: 127.0.0.1:61942
TpTrace Verbose: 0 : 13876, 6, 2021/12/03, 20:52:11.751, 19766220158505, vstest.console.dll, TcpClientExtensions.MessageLoopAsync: Polling on remoteEndPoint: 127.0.0.1:61943 localEndPoint: 127.0.0.1:61942
TpTrace Verbose: 0 : 13876, 6, 2021/12/03, 20:52:12.764, 19766230295043, vstest.console.dll, TcpClientExtensions.MessageLoopAsync: Polling on remoteEndPoint: 127.0.0.1:61943 localEndPoint: 127.0.0.1:61942
TpTrace Verbose: 0 : 13876, 6, 2021/12/03, 20:52:13.766, 19766240309246, vstest.console.dll, TcpClientExtensions.MessageLoopAsync: Polling on remoteEndPoint: 127.0.0.1:61943 localEndPoint: 127.0.0.1:61942
TpTrace Verbose: 0 : 13876, 6, 2021/12/03, 20:52:14.770, 19766250355524, vstest.console.dll, TcpClientExtensions.MessageLoopAsync: Polling on remoteEndPoint: 127.0.0.1:61943 localEndPoint: 127.0.0.1:61942
TpTrace Verbose: 0 : 13876, 6, 2021/12/03, 20:52:15.650, 19766259153788, vstest.console.dll, TcpClientExtensions.MessageLoopAsync: NotifyDataAvailable remoteEndPoint: 127.0.0.1:61943 localEndPoint: 127.0.0.1:61942
TpTrace Verbose: 0 : 13876, 6, 2021/12/03, 20:52:15.651, 19766259161334, vstest.console.dll, TestRequestSender.OnExecutionMessageReceived: Received message: {"Version":5,"MessageType":"TestSession.Message","Payload":{"MessageLevel":0,"Message":"Given the first number is 50\r\n-> pending: CalculatorStepDefinitions.GivenTheFirstNumberIs(50)\r\nAnd the second number is 70\r\n-> skipped because of previous errors\r\nWhen the two numbers are added\r\n-> skipped because of previous errors\r\nThen the result should be 120\r\n-> skipped because of previous errors\r\n"}}
TpTrace Verbose: 0 : 13876, 6, 2021/12/03, 20:52:15.657, 19766259220384, vstest.console.dll, TestRunRequest:SendTestRunMessage: Starting.
TpTrace Information: 0 : 13876, 6, 2021/12/03, 20:52:15.659, 19766259244782, vstest.console.dll, TestRunRequest:SendTestRunMessage: Completed.
TpTrace Verbose: 0 : 13876, 6, 2021/12/03, 20:52:15.663, 19766259277411, vstest.console.dll, TcpClientExtensions.MessageLoopAsync: Polling on remoteEndPoint: 127.0.0.1:61943 localEndPoint: 127.0.0.1:61942
TpTrace Verbose: 0 : 13876, 6, 2021/12/03, 20:52:15.669, 19766259343494, vstest.console.dll, TcpClientExtensions.MessageLoopAsync: NotifyDataAvailable remoteEndPoint: 127.0.0.1:61943 localEndPoint: 127.0.0.1:61942
TpTrace Verbose: 0 : 13876, 6, 2021/12/03, 20:52:15.670, 19766259355727, vstest.console.dll, TestRequestSender.OnExecutionMessageReceived: Received message: {"Version":5,"MessageType":"TestSession.Message","Payload":{"MessageLevel":0,"Message":"AddTwoNumbers: One or more step definitions are not implemented yet.\r\n  CalculatorStepDefinitions.GivenTheFirstNumberIs(50)"}}
TpTrace Verbose: 0 : 13876, 6, 2021/12/03, 20:52:15.672, 19766259373836, vstest.console.dll, TestRunRequest:SendTestRunMessage: Starting.
TpTrace Information: 0 : 13876, 6, 2021/12/03, 20:52:15.676, 19766259407245, vstest.console.dll, TestRunRequest:SendTestRunMessage: Completed.
TpTrace Verbose: 0 : 13876, 6, 2021/12/03, 20:52:15.676, 19766259412719, vstest.console.dll, TcpClientExtensions.MessageLoopAsync: Polling on remoteEndPoint: 127.0.0.1:61943 localEndPoint: 127.0.0.1:61942
TpTrace Verbose: 0 : 13876, 6, 2021/12/03, 20:52:15.732, 19766259967170, vstest.console.dll, TcpClientExtensions.MessageLoopAsync: NotifyDataAvailable remoteEndPoint: 127.0.0.1:61943 localEndPoint: 127.0.0.1:61942
TpTrace Verbose: 0 : 13876, 6, 2021/12/03, 20:52:15.732, 19766259970652, vstest.console.dll, TestRequestSender.OnExecutionMessageReceived: Received message: {"Version":5,"MessageType":"TestExecution.StatsChange","Payload":{"NewTestResults":[{"TestCase":{"Id":"d8f4090d-c10e-1c60-44dc-0a001454362b","FullyQualifiedName":"SpecFlowProject2.Features.CalculatorFeature.AddTwoNumbers","DisplayName":"AddTwoNumbers","ExecutorUri":"executor://NUnit3TestExecutor","Source":"C:\\Users\\Admin\\Documents\\Kacper IT\\source\\repos\\ZPSB202109\\Kacper.Wozniak\\TestProject1\\SpecFlowProject2\\bin\\Debug\\net5.0\\fine-code-coverage\\build-output\\SpecFlowProject2.dll","CodeFilePath":null,"LineNumber":0,"Properties":[{"Key":{"Id":"NUnit.TestCategory","Label":"TestCategory","Category":"","Description":"","Attributes":5,"ValueType":"System.String[]"},"Value":["mytag"]},{"Key":{"Id":"NUnit.Seed","Label":"Seed","Category":"","Description":"","Attributes":0,"ValueType":"System.String"},"Value":"76425467"}]},"Attachments":[],"Outcome":0,"ErrorMessage":"One or more step definitions are not implemented yet.\r\n  CalculatorStepDefinitions.GivenTheFirstNumberIs(50)","ErrorStackTrace":null,"DisplayName":"AddTwoNumbers","Messages":[{"Category":"StdOutMsgs","Text":"Given the first number is 50\r\n-> pending: CalculatorStepDefinitions.GivenTheFirstNumberIs(50)\r\nAnd the second number is 70\r\n-> skipped because of previous errors\r\nWhen the two numbers are added\r\n-> skipped because of previous errors\r\nThen the result should be 120\r\n-> skipped because of previous errors\r\n"},{"Category":"StdOutMsgs","Text":"One or more step definitions are not implemented yet.\r\n  CalculatorStepDefinitions.GivenTheFirstNumberIs(50)"}],"ComputerName":"DOMEK","Duration":"00:00:06.1461090","StartTime":"2021-12-03T19:52:09.4885719+00:00","EndTime":"2021-12-03T19:52:15.6345157+00:00","Properties":[{"Key":{"Id":"NUnit.Seed","Label":"Seed","Category":"","Description":"","Attributes":0,"ValueType":"System.String"},"Value":"76425467"}]}],"TestRunStatistics":{"ExecutedTests":1,"Stats":{"None":1}},"ActiveTests":[{"Id":"75d21eb3-b0b8-1904-e876-dbeaf7801090","FullyQualifiedName":"SpecFlowProject2.Features.SpecFlowFeature1Feature.AsUserIEnterWp_PlAndTryLoginToE_MailAccount","DisplayName":"AsUserIEnterWp_PlAndTryLoginToE_MailAccount","ExecutorUri":"executor://NUnit3TestExecutor","Source":"C:\\Users\\Admin\\Documents\\Kacper IT\\source\\repos\\ZPSB202109\\Kacper.Wozniak\\TestProject1\\SpecFlowProject2\\bin\\Debug\\net5.0\\fine-code-coverage\\build-output\\SpecFlowProject2.dll","CodeFilePath":null,"LineNumber":0,"Properties":[{"Key":{"Id":"NUnit.TestCategory","Label":"TestCategory","Category":"","Description":"","Attributes":5,"ValueType":"System.String[]"},"Value":["mytag"]},{"Key":{"Id":"NUnit.Seed","Label":"Seed","Category":"","Description":"","Attributes":0,"ValueType":"System.String"},"Value":"2138592899"}]}]}}
TpTrace Verbose: 0 : 13876, 6, 2021/12/03, 20:52:15.759, 19766260239479, vstest.console.dll, TestRunRequest:SendTestRunStatsChange: Starting.
TpTrace Verbose: 0 : 13876, 6, 2021/12/03, 20:52:15.759, 19766260242886, vstest.console.dll, InProgress is AsUserIEnterWp_PlAndTryLoginToE_MailAccount
TpTrace Information: 0 : 13876, 6, 2021/12/03, 20:52:15.760, 19766260248060, vstest.console.dll, TestRunRequest:SendTestRunStatsChange: Completed.
TpTrace Verbose: 0 : 13876, 6, 2021/12/03, 20:52:15.760, 19766260250634, vstest.console.dll, TcpClientExtensions.MessageLoopAsync: Polling on remoteEndPoint: 127.0.0.1:61943 localEndPoint: 127.0.0.1:61942
TpTrace Verbose: 0 : 13876, 6, 2021/12/03, 20:52:16.769, 19766270340011, vstest.console.dll, TcpClientExtensions.MessageLoopAsync: Polling on remoteEndPoint: 127.0.0.1:61943 localEndPoint: 127.0.0.1:61942
TpTrace Verbose: 0 : 13876, 6, 2021/12/03, 20:52:17.778, 19766280437127, vstest.console.dll, TcpClientExtensions.MessageLoopAsync: Polling on remoteEndPoint: 127.0.0.1:61943 localEndPoint: 127.0.0.1:61942
TpTrace Verbose: 0 : 13876, 6, 2021/12/03, 20:52:18.780, 19766290450767, vstest.console.dll, TcpClientExtensions.MessageLoopAsync: Polling on remoteEndPoint: 127.0.0.1:61943 localEndPoint: 127.0.0.1:61942
TpTrace Verbose: 0 : 13876, 6, 2021/12/03, 20:52:19.796, 19766300614316, vstest.console.dll, TcpClientExtensions.MessageLoopAsync: Polling on remoteEndPoint: 127.0.0.1:61943 localEndPoint: 127.0.0.1:61942
TpTrace Verbose: 0 : 13876, 6, 2021/12/03, 20:52:20.811, 19766310758551, vstest.console.dll, TcpClientExtensions.MessageLoopAsync: Polling on remoteEndPoint: 127.0.0.1:61943 localEndPoint: 127.0.0.1:61942
TpTrace Verbose: 0 : 13876, 6, 2021/12/03, 20:52:21.824, 19766320891645, vstest.console.dll, TcpClientExtensions.MessageLoopAsync: Polling on remoteEndPoint: 127.0.0.1:61943 localEndPoint: 127.0.0.1:61942
TpTrace Verbose: 0 : 13876, 6, 2021/12/03, 20:52:22.833, 19766330986633, vstest.console.dll, TcpClientExtensions.MessageLoopAsync: Polling on remoteEndPoint: 127.0.0.1:61943 localEndPoint: 127.0.0.1:61942
TpTrace Verbose: 0 : 13876, 6, 2021/12/03, 20:52:23.839, 19766341039746, vstest.console.dll, TcpClientExtensions.MessageLoopAsync: Polling on remoteEndPoint: 127.0.0.1:61943 localEndPoint: 127.0.0.1:61942
TpTrace Verbose: 0 : 13876, 6, 2021/12/03, 20:52:24.851, 19766351158836, vstest.console.dll, TcpClientExtensions.MessageLoopAsync: Polling on remoteEndPoint: 127.0.0.1:61943 localEndPoint: 127.0.0.1:61942
TpTrace Verbose: 0 : 13876, 6, 2021/12/03, 20:52:25.864, 19766361292185, vstest.console.dll, TcpClientExtensions.MessageLoopAsync: Polling on remoteEndPoint: 127.0.0.1:61943 localEndPoint: 127.0.0.1:61942
TpTrace Verbose: 0 : 13876, 6, 2021/12/03, 20:52:26.877, 19766371417599, vstest.console.dll, TcpClientExtensions.MessageLoopAsync: Polling on remoteEndPoint: 127.0.0.1:61943 localEndPoint: 127.0.0.1:61942
TpTrace Verbose: 0 : 13876, 6, 2021/12/03, 20:52:27.939, 19766382038898, vstest.console.dll, TcpClientExtensions.MessageLoopAsync: Polling on remoteEndPoint: 127.0.0.1:61943 localEndPoint: 127.0.0.1:61942
TpTrace Verbose: 0 : 13876, 6, 2021/12/03, 20:52:28.949, 19766392142500, vstest.console.dll, TcpClientExtensions.MessageLoopAsync: Polling on remoteEndPoint: 127.0.0.1:61943 localEndPoint: 127.0.0.1:61942
TpTrace Verbose: 0 : 13876, 6, 2021/12/03, 20:52:29.953, 19766402181288, vstest.console.dll, TcpClientExtensions.MessageLoopAsync: Polling on remoteEndPoint: 127.0.0.1:61943 localEndPoint: 127.0.0.1:61942
TpTrace Verbose: 0 : 13876, 6, 2021/12/03, 20:52:30.973, 19766412385447, vstest.console.dll, TcpClientExtensions.MessageLoopAsync: Polling on remoteEndPoint: 127.0.0.1:61943 localEndPoint: 127.0.0.1:61942
TpTrace Verbose: 0 : 13876, 6, 2021/12/03, 20:52:31.983, 19766422479760, vstest.console.dll, TcpClientExtensions.MessageLoopAsync: Polling on remoteEndPoint: 127.0.0.1:61943 localEndPoint: 127.0.0.1:61942
TpTrace Verbose: 0 : 13876, 6, 2021/12/03, 20:52:32.988, 19766432530882, vstest.console.dll, TcpClientExtensions.MessageLoopAsync: Polling on remoteEndPoint: 127.0.0.1:61943 localEndPoint: 127.0.0.1:61942
TpTrace Verbose: 0 : 13876, 6, 2021/12/03, 20:52:33.996, 19766442615612, vstest.console.dll, TcpClientExtensions.MessageLoopAsync: Polling on remoteEndPoint: 127.0.0.1:61943 localEndPoint: 127.0.0.1:61942
TpTrace Verbose: 0 : 13876, 6, 2021/12/03, 20:52:35.000, 19766452649418, vstest.console.dll, TcpClientExtensions.MessageLoopAsync: Polling on remoteEndPoint: 127.0.0.1:61943 localEndPoint: 127.0.0.1:61942
TpTrace Verbose: 0 : 13876, 6, 2021/12/03, 20:52:36.031, 19766462964382, vstest.console.dll, TcpClientExtensions.MessageLoopAsync: Polling on remoteEndPoint: 127.0.0.1:61943 localEndPoint: 127.0.0.1:61942
TpTrace Verbose: 0 : 13876, 6, 2021/12/03, 20:52:37.041, 19766473057078, vstest.console.dll, TcpClientExtensions.MessageLoopAsync: Polling on remoteEndPoint: 127.0.0.1:61943 localEndPoint: 127.0.0.1:61942
TpTrace Verbose: 0 : 13876, 6, 2021/12/03, 20:52:38.045, 19766483101366, vstest.console.dll, TcpClientExtensions.MessageLoopAsync: Polling on remoteEndPoint: 127.0.0.1:61943 localEndPoint: 127.0.0.1:61942
TpTrace Verbose: 0 : 13876, 6, 2021/12/03, 20:52:39.085, 19766493504080, vstest.console.dll, TcpClientExtensions.MessageLoopAsync: Polling on remoteEndPoint: 127.0.0.1:61943 localEndPoint: 127.0.0.1:61942
TpTrace Verbose: 0 : 13876, 6, 2021/12/03, 20:52:40.094, 19766503590019, vstest.console.dll, TcpClientExtensions.MessageLoopAsync: Polling on remoteEndPoint: 127.0.0.1:61943 localEndPoint: 127.0.0.1:61942
TpTrace Verbose: 0 : 13876, 6, 2021/12/03, 20:52:41.119, 19766513842350, vstest.console.dll, TcpClientExtensions.MessageLoopAsync: Polling on remoteEndPoint: 127.0.0.1:61943 localEndPoint: 127.0.0.1:61942
TpTrace Verbose: 0 : 13876, 6, 2021/12/03, 20:52:42.146, 19766524108850, vstest.console.dll, TcpClientExtensions.MessageLoopAsync: Polling on remoteEndPoint: 127.0.0.1:61943 localEndPoint: 127.0.0.1:61942
TpTrace Verbose: 0 : 13876, 6, 2021/12/03, 20:52:43.164, 19766534294616, vstest.console.dll, TcpClientExtensions.MessageLoopAsync: Polling on remoteEndPoint: 127.0.0.1:61943 localEndPoint: 127.0.0.1:61942
TpTrace Verbose: 0 : 13876, 6, 2021/12/03, 20:52:44.183, 19766544484489, vstest.console.dll, TcpClientExtensions.MessageLoopAsync: Polling on remoteEndPoint: 127.0.0.1:61943 localEndPoint: 127.0.0.1:61942
TpTrace Verbose: 0 : 13876, 6, 2021/12/03, 20:52:45.243, 19766555079468, vstest.console.dll, TcpClientExtensions.MessageLoopAsync: Polling on remoteEndPoint: 127.0.0.1:61943 localEndPoint: 127.0.0.1:61942
TpTrace Verbose: 0 : 13876, 6, 2021/12/03, 20:52:46.274, 19766565393965, vstest.console.dll, TcpClientExtensions.MessageLoopAsync: Polling on remoteEndPoint: 127.0.0.1:61943 localEndPoint: 127.0.0.1:61942
TpTrace Verbose: 0 : 13876, 6, 2021/12/03, 20:52:47.288, 19766575535463, vstest.console.dll, TcpClientExtensions.MessageLoopAsync: Polling on remoteEndPoint: 127.0.0.1:61943 localEndPoint: 127.0.0.1:61942
TpTrace Verbose: 0 : 13876, 6, 2021/12/03, 20:52:48.379, 19766586442046, vstest.console.dll, TcpClientExtensions.MessageLoopAsync: Polling on remoteEndPoint: 127.0.0.1:61943 localEndPoint: 127.0.0.1:61942
TpTrace Verbose: 0 : 13876, 6, 2021/12/03, 20:52:49.387, 19766596520978, vstest.console.dll, TcpClientExtensions.MessageLoopAsync: Polling on remoteEndPoint: 127.0.0.1:61943 localEndPoint: 127.0.0.1:61942
TpTrace Verbose: 0 : 13876, 6, 2021/12/03, 20:52:50.404, 19766606691562, vstest.console.dll, TcpClientExtensions.MessageLoopAsync: Polling on remoteEndPoint: 127.0.0.1:61943 localEndPoint: 127.0.0.1:61942
TpTrace Verbose: 0 : 13876, 6, 2021/12/03, 20:52:51.451, 19766617158804, vstest.console.dll, TcpClientExtensions.MessageLoopAsync: Polling on remoteEndPoint: 127.0.0.1:61943 localEndPoint: 127.0.0.1:61942
TpTrace Verbose: 0 : 13876, 6, 2021/12/03, 20:52:52.463, 19766627283916, vstest.console.dll, TcpClientExtensions.MessageLoopAsync: Polling on remoteEndPoint: 127.0.0.1:61943 localEndPoint: 127.0.0.1:61942
TpTrace Verbose: 0 : 13876, 6, 2021/12/03, 20:52:53.477, 19766637419219, vstest.console.dll, TcpClientExtensions.MessageLoopAsync: Polling on remoteEndPoint: 127.0.0.1:61943 localEndPoint: 127.0.0.1:61942
TpTrace Verbose: 0 : 13876, 6, 2021/12/03, 20:52:54.490, 19766647550807, vstest.console.dll, TcpClientExtensions.MessageLoopAsync: Polling on remoteEndPoint: 127.0.0.1:61943 localEndPoint: 127.0.0.1:61942
TpTrace Verbose: 0 : 13876, 6, 2021/12/03, 20:52:55.501, 19766657661153, vstest.console.dll, TcpClientExtensions.MessageLoopAsync: Polling on remoteEndPoint: 127.0.0.1:61943 localEndPoint: 127.0.0.1:61942
TpTrace Verbose: 0 : 13876, 6, 2021/12/03, 20:52:56.537, 19766668019383, vstest.console.dll, TcpClientExtensions.MessageLoopAsync: Polling on remoteEndPoint: 127.0.0.1:61943 localEndPoint: 127.0.0.1:61942
TpTrace Verbose: 0 : 13876, 6, 2021/12/03, 20:52:57.545, 19766678102593, vstest.console.dll, TcpClientExtensions.MessageLoopAsync: Polling on remoteEndPoint: 127.0.0.1:61943 localEndPoint: 127.0.0.1:61942
TpTrace Verbose: 0 : 13876, 6, 2021/12/03, 20:52:58.566, 19766688312388, vstest.console.dll, TcpClientExtensions.MessageLoopAsync: Polling on remoteEndPoint: 127.0.0.1:61943 localEndPoint: 127.0.0.1:61942
TpTrace Verbose: 0 : 13876, 6, 2021/12/03, 20:52:59.594, 19766698590795, vstest.console.dll, TcpClientExtensions.MessageLoopAsync: Polling on remoteEndPoint: 127.0.0.1:61943 localEndPoint: 127.0.0.1:61942
TpTrace Verbose: 0 : 13876, 6, 2021/12/03, 20:53:00.603, 19766708684738, vstest.console.dll, TcpClientExtensions.MessageLoopAsync: Polling on remoteEndPoint: 127.0.0.1:61943 localEndPoint: 127.0.0.1:61942
TpTrace Verbose: 0 : 13876, 6, 2021/12/03, 20:53:01.625, 19766718906511, vstest.console.dll, TcpClientExtensions.MessageLoopAsync: Polling on remoteEndPoint: 127.0.0.1:61943 localEndPoint: 127.0.0.1:61942
TpTrace Verbose: 0 : 13876, 6, 2021/12/03, 20:53:02.655, 19766729203256, vstest.console.dll, TcpClientExtensions.MessageLoopAsync: Polling on remoteEndPoint: 127.0.0.1:61943 localEndPoint: 127.0.0.1:61942
TpTrace Verbose: 0 : 13876, 6, 2021/12/03, 20:53:03.698, 19766739635063, vstest.console.dll, TcpClientExtensions.MessageLoopAsync: Polling on remoteEndPoint: 127.0.0.1:61943 localEndPoint: 127.0.0.1:61942
TpTrace Verbose: 0 : 13876, 6, 2021/12/03, 20:53:04.737, 19766750018682, vstest.console.dll, TcpClientExtensions.MessageLoopAsync: Polling on remoteEndPoint: 127.0.0.1:61943 localEndPoint: 127.0.0.1:61942
TpTrace Verbose: 0 : 13876, 6, 2021/12/03, 20:53:05.765, 19766760302290, vstest.console.dll, TcpClientExtensions.MessageLoopAsync: Polling on remoteEndPoint: 127.0.0.1:61943 localEndPoint: 127.0.0.1:61942
TpTrace Verbose: 0 : 13876, 6, 2021/12/03, 20:53:06.800, 19766770647989, vstest.console.dll, TcpClientExtensions.MessageLoopAsync: Polling on remoteEndPoint: 127.0.0.1:61943 localEndPoint: 127.0.0.1:61942
TpTrace Verbose: 0 : 13876, 6, 2021/12/03, 20:53:07.819, 19766780839772, vstest.console.dll, TcpClientExtensions.MessageLoopAsync: Polling on remoteEndPoint: 127.0.0.1:61943 localEndPoint: 127.0.0.1:61942
TpTrace Verbose: 0 : 13876, 6, 2021/12/03, 20:53:08.825, 19766790903208, vstest.console.dll, TcpClientExtensions.MessageLoopAsync: Polling on remoteEndPoint: 127.0.0.1:61943 localEndPoint: 127.0.0.1:61942
TpTrace Verbose: 0 : 13876, 6, 2021/12/03, 20:53:09.285, 19766795503411, vstest.console.dll, TcpClientExtensions.MessageLoopAsync: NotifyDataAvailable remoteEndPoint: 127.0.0.1:61943 localEndPoint: 127.0.0.1:61942
TpTrace Verbose: 0 : 13876, 6, 2021/12/03, 20:53:09.291, 19766795557775, vstest.console.dll, TestRequestSender.OnExecutionMessageReceived: Received message: {"Version":5,"MessageType":"TestSession.Message","Payload":{"MessageLevel":0,"Message":"Given I enter wp.pl\r\n-> done: WPPLSteps.GivenIEnterWp_Pl() (5,7s)\r\nAnd I click on <poczta>\r\n-> error: invalid selector: Unable to locate an element with the xpath expression  because of the following error:\r\nSyntaxError: Failed to execute 'evaluate' on 'Document': The string '' is not a valid XPath expression.\r\n  (Session info: chrome=96.0.4664.45) (40,9s)\r\nWhen I fill wrong email login\r\n-> skipped because of previous errors\r\nAnd I fill wrong password\r\n-> skipped because of previous errors\r\nAnd I press submit\r\n-> skipped because of previous errors\r\nThen I expect to see message as „Niestety podany login lub hasło jest błędne.”\r\n-> skipped because of previous errors\r\n"}}
TpTrace Verbose: 0 : 13876, 6, 2021/12/03, 20:53:09.291, 19766795563970, vstest.console.dll, TestRunRequest:SendTestRunMessage: Starting.
TpTrace Information: 0 : 13876, 6, 2021/12/03, 20:53:09.296, 19766795612121, vstest.console.dll, TestRunRequest:SendTestRunMessage: Completed.
TpTrace Verbose: 0 : 13876, 6, 2021/12/03, 20:53:09.298, 19766795627661, vstest.console.dll, TcpClientExtensions.MessageLoopAsync: Polling on remoteEndPoint: 127.0.0.1:61943 localEndPoint: 127.0.0.1:61942
TpTrace Verbose: 0 : 13876, 6, 2021/12/03, 20:53:09.509, 19766797738830, vstest.console.dll, TcpClientExtensions.MessageLoopAsync: NotifyDataAvailable remoteEndPoint: 127.0.0.1:61943 localEndPoint: 127.0.0.1:61942
TpTrace Verbose: 0 : 13876, 6, 2021/12/03, 20:53:09.511, 19766797766135, vstest.console.dll, TestRequestSender.OnExecutionMessageReceived: Received message: {"Version":5,"MessageType":"TestSession.Message","Payload":{"MessageLevel":0,"Message":"NUnit Adapter 4.1.0.0: Test execution complete"}}
TpTrace Verbose: 0 : 13876, 6, 2021/12/03, 20:53:09.512, 19766797771778, vstest.console.dll, TestRunRequest:SendTestRunMessage: Starting.
TpTrace Information: 0 : 13876, 6, 2021/12/03, 20:53:09.513, 19766797783698, vstest.console.dll, TestRunRequest:SendTestRunMessage: Completed.
TpTrace Verbose: 0 : 13876, 6, 2021/12/03, 20:53:09.526, 19766797908209, vstest.console.dll, TcpClientExtensions.MessageLoopAsync: Polling on remoteEndPoint: 127.0.0.1:61943 localEndPoint: 127.0.0.1:61942
TpTrace Verbose: 0 : 13876, 6, 2021/12/03, 20:53:09.570, 19766798347371, vstest.console.dll, TcpClientExtensions.MessageLoopAsync: NotifyDataAvailable remoteEndPoint: 127.0.0.1:61943 localEndPoint: 127.0.0.1:61942
TpTrace Verbose: 0 : 13876, 6, 2021/12/03, 20:53:09.570, 19766798353513, vstest.console.dll, TestRequestSender.OnExecutionMessageReceived: Received message: {"Version":5,"MessageType":"TestExecution.Completed","Payload":{"TestRunCompleteArgs":{"TestRunStatistics":{"ExecutedTests":2,"Stats":{"None":1,"Failed":1}},"IsCanceled":false,"IsAborted":false,"Error":null,"AttachmentSets":[],"ElapsedTimeInRunningTests":"00:01:03.0787532","Metrics":{}},"LastRunTests":{"NewTestResults":[{"TestCase":{"Id":"75d21eb3-b0b8-1904-e876-dbeaf7801090","FullyQualifiedName":"SpecFlowProject2.Features.SpecFlowFeature1Feature.AsUserIEnterWp_PlAndTryLoginToE_MailAccount","DisplayName":"AsUserIEnterWp_PlAndTryLoginToE_MailAccount","ExecutorUri":"executor://NUnit3TestExecutor","Source":"C:\\Users\\Admin\\Documents\\Kacper IT\\source\\repos\\ZPSB202109\\Kacper.Wozniak\\TestProject1\\SpecFlowProject2\\bin\\Debug\\net5.0\\fine-code-coverage\\build-output\\SpecFlowProject2.dll","CodeFilePath":null,"LineNumber":0,"Properties":[{"Key":{"Id":"NUnit.TestCategory","Label":"TestCategory","Category":"","Description":"","Attributes":5,"ValueType":"System.String[]"},"Value":["mytag"]},{"Key":{"Id":"NUnit.Seed","Label":"Seed","Category":"","Description":"","Attributes":0,"ValueType":"System.String"},"Value":"2138592899"}]},"Attachments":[],"Outcome":2,"ErrorMessage":"OpenQA.Selenium.InvalidSelectorException : invalid selector: Unable to locate an element with the xpath expression  because of the following error:\r\nSyntaxError: Failed to execute 'evaluate' on 'Document': The string '' is not a valid XPath expression.\r\n  (Session info: chrome=96.0.4664.45)","ErrorStackTrace":"   at OpenQA.Selenium.WebDriver.UnpackAndThrowOnError(Response errorResponse)\r\n   at OpenQA.Selenium.WebDriver.Execute(String driverCommandToExecute, Dictionary`2 parameters)\r\n   at OpenQA.Selenium.WebDriver.FindElement(String mechanism, String value)\r\n   at OpenQA.Selenium.By.<.ctor>b__11_0(ISearchContext context)\r\n   at OpenQA.Selenium.By.FindElement(ISearchContext context)\r\n   at OpenQA.Selenium.WebDriver.FindElement(By by)\r\n   at SpecFlowProject2.Steps.WPPLSteps.GivenIClickOn(String p0) in C:\\Users\\Admin\\Documents\\Kacper IT\\source\\repos\\ZPSB202109\\Kacper.Wozniak\\TestProject1\\SpecFlowProject2\\Steps\\WPPLSteps.cs:line 40\r\n   at TechTalk.SpecFlow.Bindings.BindingInvoker.InvokeBinding(IBinding binding, IContextManager contextManager, Object[] arguments, ITestTracer testTracer, TimeSpan& duration)\r\n   at TechTalk.SpecFlow.Infrastructure.TestExecutionEngine.ExecuteStepMatch(BindingMatch match, Object[] arguments, TimeSpan& duration)\r\n   at TechTalk.SpecFlow.Infrastructure.TestExecutionEngine.ExecuteStep(IContextManager contextManager, StepInstance stepInstance)\r\n   at TechTalk.SpecFlow.Infrastructure.TestExecutionEngine.OnAfterLastStep()\r\n   at TechTalk.SpecFlow.TestRunner.CollectScenarioErrors()\r\n   at SpecFlowProject2.Features.SpecFlowFeature1Feature.ScenarioCleanup()\r\n   at SpecFlowProject2.Features.SpecFlowFeature1Feature.AsUserIEnterWp_PlAndTryLoginToE_MailAccount() in C:\\Users\\Admin\\Documents\\Kacper IT\\source\\repos\\ZPSB202109\\Kacper.Wozniak\\TestProject1\\SpecFlowProject2\\Features\\WPPL.feature:line 12","DisplayName":"AsUserIEnterWp_PlAndTryLoginToE_MailAccount","Messages":[{"Category":"StdOutMsgs","Text":"Given I enter wp.pl\r\n-> done: WPPLSteps.GivenIEnterWp_Pl() (5,7s)\r\nAnd I click on <poczta>\r\n-> error: invalid selector: Unable to locate an element with the xpath expression  because of the following error:\r\nSyntaxError: Failed to execute 'evaluate' on 'Document': The string '' is not a valid XPath expression.\r\n  (Session info: chrome=96.0.4664.45) (40,9s)\r\nWhen I fill wrong email login\r\n-> skipped because of previous errors\r\nAnd I fill wrong password\r\n-> skipped because of previous errors\r\nAnd I press submit\r\n-> skipped because of previous errors\r\nThen I expect to see message as „Niestety podany login lub hasło jest błędne.”\r\n-> skipped because of previous errors\r\n"}],"ComputerName":"DOMEK","Duration":"00:00:53.6364560","StartTime":"2021-12-03T19:52:15.644472+00:00","EndTime":"2021-12-03T19:53:09.2809269+00:00","Properties":[{"Key":{"Id":"NUnit.Seed","Label":"Seed","Category":"","Description":"","Attributes":0,"ValueType":"System.String"},"Value":"2138592899"}]}],"TestRunStatistics":{"ExecutedTests":2,"Stats":{"None":1,"Failed":1}},"ActiveTests":[]},"RunAttachments":[],"ExecutorUris":["executor://nunit3testexecutor/"]}}
TpTrace Verbose: 0 : 13876, 6, 2021/12/03, 20:53:09.571, 19766798364173, vstest.console.dll, TestRequestSender.EndSession: Sending end session.
TpTrace Verbose: 0 : 13876, 6, 2021/12/03, 20:53:09.572, 19766798369213, vstest.console.dll, ProxyOperationManager.Close: waiting for test host to exit for 100 ms
TpTrace Warning: 0 : 13876, 4, 2021/12/03, 20:53:09.603, 19766798682258, vstest.console.dll, TestHostManagerCallbacks.ErrorReceivedCallback Test host standard error line: 
TpTrace Verbose: 0 : 13876, 11, 2021/12/03, 20:53:09.634, 19766798988407, vstest.console.dll, TestHostProvider.ExitCallBack: Host exited starting callback.
TpTrace Information: 0 : 13876, 11, 2021/12/03, 20:53:09.635, 19766799001529, vstest.console.dll, TestHostManagerCallbacks.ExitCallBack: Testhost processId: 36404 exited with exitcode: 0 error: ''
TpTrace Verbose: 0 : 13876, 11, 2021/12/03, 20:53:09.635, 19766799004892, vstest.console.dll, DotnetTestHostManager.OnHostExited: invoking OnHostExited callback
TpTrace Verbose: 0 : 13876, 11, 2021/12/03, 20:53:09.636, 19766799014711, vstest.console.dll, CrossPlatEngine.TestHostManagerHostExited: calling on client process exit callback.
TpTrace Information: 0 : 13876, 11, 2021/12/03, 20:53:09.637, 19766799021307, vstest.console.dll, TestRequestSender.OnClientProcessExit: Test host process exited. Standard error: 
TpTrace Warning: 0 : 13876, 6, 2021/12/03, 20:53:09.637, 19766799021883, vstest.console.dll, ProxyOperationManager: Timed out waiting for test host to exit. Will terminate process.
TpTrace Information: 0 : 13876, 11, 2021/12/03, 20:53:09.638, 19766799031266, vstest.console.dll, SocketServer.Stop: Stop server endPoint: 127.0.0.1:61942
TpTrace Information: 0 : 13876, 11, 2021/12/03, 20:53:09.641, 19766799059930, vstest.console.dll, SocketServer.Stop: Cancellation requested. Stopping message loop.
TpTrace Verbose: 0 : 13876, 6, 2021/12/03, 20:53:09.643, 19766799077731, vstest.console.dll, ProxyDataCollectionManager.InvokeDataCollectionServiceAction: Starting.
TpTrace Information: 0 : 13876, 6, 2021/12/03, 20:53:09.643, 19766799086671, vstest.console.dll, ProxyDataCollectionManager.AfterTestRunEnd: Get attachment set for datacollector processId: 34312 port: 61939
TpTrace Verbose: 0 : 13876, 6, 2021/12/03, 20:53:09.644, 19766799089641, vstest.console.dll, DataCollectionRequestSender.SendAfterTestRunStartAndGetResult : Send AfterTestRunEnd message with isCancelled: False
TpTrace Verbose: 0 : 13876, 6, 2021/12/03, 20:53:09.655, 19766799206715, vstest.console.dll, DataCollectionRequestSender.SendAfterTestRunStartAndGetResult : Received message: (DataCollection.AfterTestRunEndResult) -> {
  "AttachmentSets": [],
  "Metrics": {}
}
TpTrace Information: 0 : 13876, 6, 2021/12/03, 20:53:09.662, 19766799271462, vstest.console.dll, ProxyDataCollectionManager.InvokeDataCollectionServiceAction: Completed.
TpTrace Warning: 0 : 13876, 9, 2021/12/03, 20:53:09.682, 19766799469514, vstest.console.dll, DataCollectionLauncher.ErrorReceivedCallback datacollector standard error line: 
TpTrace Information: 0 : 13876, 11, 2021/12/03, 20:53:09.730, 19766799948030, vstest.console.dll, DataCollectionLauncher.ExitCallBack: Data collector exited with exitcode: 0 error: ''
TpTrace Verbose: 0 : 13876, 6, 2021/12/03, 20:53:09.740, 19766800055735, vstest.console.dll, TestRunRequest:SendTestRunStatsChange: Starting.
TpTrace Information: 0 : 13876, 6, 2021/12/03, 20:53:09.741, 19766800065767, vstest.console.dll, TestRunRequest:SendTestRunStatsChange: Completed.
TpTrace Verbose: 0 : 13876, 6, 2021/12/03, 20:53:09.744, 19766800096717, vstest.console.dll, ParallelProxyExecutionManager: HandlePartialRunComplete: Total completed clients = 1, Run complete = True, Run canceled: False.
TpTrace Verbose: 0 : 13876, 6, 2021/12/03, 20:53:09.836, 19766801011275, vstest.console.dll, TestRunRequest:TestRunComplete: Starting. IsAborted:False IsCanceled:False.
TpTrace Verbose: 0 : 13876, 6, 2021/12/03, 20:53:09.836, 19766801015936, vstest.console.dll, TestLoggerManager.HandleTestRunComplete: Ignoring as the object is disposed.
TpTrace Information: 0 : 13876, 6, 2021/12/03, 20:53:09.837, 19766801024458, vstest.console.dll, TestRunRequest:TestRunComplete: Completed.
TpTrace Verbose: 0 : 13876, 1, 2021/12/03, 20:53:09.837, 19766801024573, vstest.console.dll, TestRunRequest.Dispose: Starting.
TpTrace Verbose: 0 : 13876, 6, 2021/12/03, 20:53:09.838, 19766801027150, vstest.console.dll, TestRequestSender.SetOperationComplete: Setting operation complete.
TpTrace Information: 0 : 13876, 6, 2021/12/03, 20:53:09.838, 19766801036761, vstest.console.dll, SocketServer.Stop: Stop server endPoint: 127.0.0.1:61942
TpTrace Information: 0 : 13876, 6, 2021/12/03, 20:53:09.839, 19766801038671, vstest.console.dll, SocketServer.Stop: Cancellation requested. Stopping message loop.
TpTrace Information: 0 : 13876, 1, 2021/12/03, 20:53:09.838, 19766801032793, vstest.console.dll, TestRunRequest.Dispose: Completed.
TpTrace Information: 0 : 13876, 6, 2021/12/03, 20:53:09.839, 19766801040544, vstest.console.dll, SocketServer.PrivateStop: Stop server endPoint: 127.0.0.1:61942 error: 
TpTrace Information: 0 : 13876, 1, 2021/12/03, 20:53:09.839, 19766801042154, vstest.console.dll, TestRequestManager.RunTests: run tests completed.
TpTrace Information: 0 : 13876, 1, 2021/12/03, 20:53:09.839, 19766801046565, vstest.console.dll, RunTestsArgumentProcessor:Execute: Test run is completed.
TpTrace Verbose: 0 : 13876, 1, 2021/12/03, 20:53:09.840, 19766801054204, vstest.console.dll, Executor.Execute: Exiting with exit code of 1
TpTrace Verbose: 0 : 13876, 6, 2021/12/03, 20:53:09.840, 19766801056616, vstest.console.dll, LengthPrefixCommunicationChannel.Dispose: Dispose reader and writer.
TpTrace Information: 0 : 13876, 6, 2021/12/03, 20:53:09.841, 19766801062710, vstest.console.dll, SocketServer.Stop: Raise disconnected event endPoint: 127.0.0.1:61942 error: 
TpTrace Verbose: 0 : 13876, 6, 2021/12/03, 20:53:09.841, 19766801066085, vstest.console.dll, TestRequestSender: OnTestRunAbort: Operation is already complete. Skip error message.
TpTrace Verbose: 0 : 13876, 6, 2021/12/03, 20:53:09.842, 19766801069009, vstest.console.dll, TcpClientExtensions.MessageLoopAsync: exiting MessageLoopAsync remoteEndPoint: 127.0.0.1:61943 localEndPoint: 127.0.0.1:61942
